[2023-03-11 14:58:51] flarum.ERROR: PDOException: SQLSTATE[HY000] [2002] No connection could be made because the target machine actively refused it in C:\Users\tux\OneDrive\Documents\WEB\BrainstormCommunityForum\vendor\doctrine\dbal\lib\Doctrine\DBAL\Driver\PDOConnection.php:40
Stack trace:
#0 C:\Users\tux\OneDrive\Documents\WEB\BrainstormCommunityForum\vendor\doctrine\dbal\lib\Doctrine\DBAL\Driver\PDOConnection.php(40): PDO->__construct('mysql:host=loca...', 'root', Object(SensitiveParameterValue), Array)
#1 C:\Users\tux\OneDrive\Documents\WEB\BrainstormCommunityForum\vendor\illuminate\database\Connectors\Connector.php(67): Doctrine\DBAL\Driver\PDOConnection->__construct('mysql:host=loca...', 'root', '', Array)
#2 C:\Users\tux\OneDrive\Documents\WEB\BrainstormCommunityForum\vendor\illuminate\database\Connectors\Connector.php(45): Illuminate\Database\Connectors\Connector->createPdoConnection('mysql:host=loca...', 'root', '', Array)
#3 C:\Users\tux\OneDrive\Documents\WEB\BrainstormCommunityForum\vendor\illuminate\database\Connectors\MySqlConnector.php(24): Illuminate\Database\Connectors\Connector->createConnection('mysql:host=loca...', Array, Array)
#4 C:\Users\tux\OneDrive\Documents\WEB\BrainstormCommunityForum\vendor\illuminate\database\Connectors\ConnectionFactory.php(184): Illuminate\Database\Connectors\MySqlConnector->connect(Array)
#5 [internal function]: Illuminate\Database\Connectors\ConnectionFactory->Illuminate\Database\Connectors\{closure}()
#6 C:\Users\tux\OneDrive\Documents\WEB\BrainstormCommunityForum\vendor\illuminate\database\Connection.php(1064): call_user_func(Object(Closure))
#7 C:\Users\tux\OneDrive\Documents\WEB\BrainstormCommunityForum\vendor\illuminate\database\Connection.php(1014): Illuminate\Database\Connection->getPdo()
#8 C:\Users\tux\OneDrive\Documents\WEB\BrainstormCommunityForum\vendor\illuminate\database\Connection.php(994): Illuminate\Database\Connection->getDoctrineConnection()
#9 C:\Users\tux\OneDrive\Documents\WEB\BrainstormCommunityForum\vendor\flarum\core\src\Database\Migrator.php(69): Illuminate\Database\Connection->getDoctrineSchemaManager()
#10 [internal function]: Flarum\Database\Migrator->__construct(Object(Flarum\Database\DatabaseMigrationRepository), Object(Illuminate\Database\MySqlConnection), Object(Illuminate\Filesystem\Filesystem))
#11 C:\Users\tux\OneDrive\Documents\WEB\BrainstormCommunityForum\vendor\illuminate\container\Container.php(917): ReflectionClass->newInstanceArgs(Array)
#12 C:\Users\tux\OneDrive\Documents\WEB\BrainstormCommunityForum\vendor\illuminate\container\Container.php(758): Illuminate\Container\Container->build('Flarum\\Database...')
#13 C:\Users\tux\OneDrive\Documents\WEB\BrainstormCommunityForum\vendor\illuminate\container\Container.php(694): Illuminate\Container\Container->resolve('Flarum\\Database...', Array)
#14 C:\Users\tux\OneDrive\Documents\WEB\BrainstormCommunityForum\vendor\illuminate\container\Container.php(1027): Illuminate\Container\Container->make('Flarum\\Database...')
#15 C:\Users\tux\OneDrive\Documents\WEB\BrainstormCommunityForum\vendor\illuminate\container\Container.php(947): Illuminate\Container\Container->resolveClass(Object(ReflectionParameter))
#16 C:\Users\tux\OneDrive\Documents\WEB\BrainstormCommunityForum\vendor\illuminate\container\Container.php(908): Illuminate\Container\Container->resolveDependencies(Array)
#17 C:\Users\tux\OneDrive\Documents\WEB\BrainstormCommunityForum\vendor\illuminate\container\Container.php(292): Illuminate\Container\Container->build('Flarum\\Extensio...')
#18 C:\Users\tux\OneDrive\Documents\WEB\BrainstormCommunityForum\vendor\illuminate\container\Container.php(873): Illuminate\Container\Container->Illuminate\Container\{closure}(Object(Illuminate\Container\Container), Array)
#19 C:\Users\tux\OneDrive\Documents\WEB\BrainstormCommunityForum\vendor\illuminate\container\Container.php(758): Illuminate\Container\Container->build(Object(Closure))
#20 C:\Users\tux\OneDrive\Documents\WEB\BrainstormCommunityForum\vendor\illuminate\container\Container.php(694): Illuminate\Container\Container->resolve('Flarum\\Extensio...', Array)
#21 C:\Users\tux\OneDrive\Documents\WEB\BrainstormCommunityForum\vendor\flarum\core\src\Extension\ExtensionServiceProvider.php(31): Illuminate\Container\Container->make('flarum.extensio...')
#22 [internal function]: Flarum\Extension\ExtensionServiceProvider->Flarum\Extension\{closure}(Object(Flarum\Foundation\Application))
#23 C:\Users\tux\OneDrive\Documents\WEB\BrainstormCommunityForum\vendor\flarum\core\src\Foundation\Application.php(329): call_user_func(Object(Closure), Object(Flarum\Foundation\Application))
#24 C:\Users\tux\OneDrive\Documents\WEB\BrainstormCommunityForum\vendor\flarum\core\src\Foundation\Application.php(270): Flarum\Foundation\Application->fireAppCallbacks(Array)
#25 C:\Users\tux\OneDrive\Documents\WEB\BrainstormCommunityForum\vendor\flarum\core\src\Foundation\InstalledSite.php(151): Flarum\Foundation\Application->boot()
#26 C:\Users\tux\OneDrive\Documents\WEB\BrainstormCommunityForum\vendor\flarum\core\src\Foundation\InstalledSite.php(82): Flarum\Foundation\InstalledSite->bootLaravel()
#27 C:\Users\tux\OneDrive\Documents\WEB\BrainstormCommunityForum\vendor\flarum\core\src\Http\Server.php(59): Flarum\Foundation\InstalledSite->bootApp()
#28 C:\Users\tux\OneDrive\Documents\WEB\BrainstormCommunityForum\vendor\flarum\core\src\Http\Server.php(36): Flarum\Http\Server->safelyBootAndGetHandler()
#29 C:\Users\tux\OneDrive\Documents\WEB\BrainstormCommunityForum\public\index.php(26): Flarum\Http\Server->listen()
#30 {main}

Next Doctrine\DBAL\Driver\PDO\Exception: SQLSTATE[HY000] [2002] No connection could be made because the target machine actively refused it in C:\Users\tux\OneDrive\Documents\WEB\BrainstormCommunityForum\vendor\doctrine\dbal\lib\Doctrine\DBAL\Driver\PDO\Exception.php:18
Stack trace:
#0 C:\Users\tux\OneDrive\Documents\WEB\BrainstormCommunityForum\vendor\doctrine\dbal\lib\Doctrine\DBAL\Driver\PDOConnection.php(44): Doctrine\DBAL\Driver\PDO\Exception::new(Object(PDOException))
#1 C:\Users\tux\OneDrive\Documents\WEB\BrainstormCommunityForum\vendor\illuminate\database\Connectors\Connector.php(67): Doctrine\DBAL\Driver\PDOConnection->__construct('mysql:host=loca...', 'root', '', Array)
#2 C:\Users\tux\OneDrive\Documents\WEB\BrainstormCommunityForum\vendor\illuminate\database\Connectors\Connector.php(45): Illuminate\Database\Connectors\Connector->createPdoConnection('mysql:host=loca...', 'root', '', Array)
#3 C:\Users\tux\OneDrive\Documents\WEB\BrainstormCommunityForum\vendor\illuminate\database\Connectors\MySqlConnector.php(24): Illuminate\Database\Connectors\Connector->createConnection('mysql:host=loca...', Array, Array)
#4 C:\Users\tux\OneDrive\Documents\WEB\BrainstormCommunityForum\vendor\illuminate\database\Connectors\ConnectionFactory.php(184): Illuminate\Database\Connectors\MySqlConnector->connect(Array)
#5 [internal function]: Illuminate\Database\Connectors\ConnectionFactory->Illuminate\Database\Connectors\{closure}()
#6 C:\Users\tux\OneDrive\Documents\WEB\BrainstormCommunityForum\vendor\illuminate\database\Connection.php(1064): call_user_func(Object(Closure))
#7 C:\Users\tux\OneDrive\Documents\WEB\BrainstormCommunityForum\vendor\illuminate\database\Connection.php(1014): Illuminate\Database\Connection->getPdo()
#8 C:\Users\tux\OneDrive\Documents\WEB\BrainstormCommunityForum\vendor\illuminate\database\Connection.php(994): Illuminate\Database\Connection->getDoctrineConnection()
#9 C:\Users\tux\OneDrive\Documents\WEB\BrainstormCommunityForum\vendor\flarum\core\src\Database\Migrator.php(69): Illuminate\Database\Connection->getDoctrineSchemaManager()
#10 [internal function]: Flarum\Database\Migrator->__construct(Object(Flarum\Database\DatabaseMigrationRepository), Object(Illuminate\Database\MySqlConnection), Object(Illuminate\Filesystem\Filesystem))
#11 C:\Users\tux\OneDrive\Documents\WEB\BrainstormCommunityForum\vendor\illuminate\container\Container.php(917): ReflectionClass->newInstanceArgs(Array)
#12 C:\Users\tux\OneDrive\Documents\WEB\BrainstormCommunityForum\vendor\illuminate\container\Container.php(758): Illuminate\Container\Container->build('Flarum\\Database...')
#13 C:\Users\tux\OneDrive\Documents\WEB\BrainstormCommunityForum\vendor\illuminate\container\Container.php(694): Illuminate\Container\Container->resolve('Flarum\\Database...', Array)
#14 C:\Users\tux\OneDrive\Documents\WEB\BrainstormCommunityForum\vendor\illuminate\container\Container.php(1027): Illuminate\Container\Container->make('Flarum\\Database...')
#15 C:\Users\tux\OneDrive\Documents\WEB\BrainstormCommunityForum\vendor\illuminate\container\Container.php(947): Illuminate\Container\Container->resolveClass(Object(ReflectionParameter))
#16 C:\Users\tux\OneDrive\Documents\WEB\BrainstormCommunityForum\vendor\illuminate\container\Container.php(908): Illuminate\Container\Container->resolveDependencies(Array)
#17 C:\Users\tux\OneDrive\Documents\WEB\BrainstormCommunityForum\vendor\illuminate\container\Container.php(292): Illuminate\Container\Container->build('Flarum\\Extensio...')
#18 C:\Users\tux\OneDrive\Documents\WEB\BrainstormCommunityForum\vendor\illuminate\container\Container.php(873): Illuminate\Container\Container->Illuminate\Container\{closure}(Object(Illuminate\Container\Container), Array)
#19 C:\Users\tux\OneDrive\Documents\WEB\BrainstormCommunityForum\vendor\illuminate\container\Container.php(758): Illuminate\Container\Container->build(Object(Closure))
#20 C:\Users\tux\OneDrive\Documents\WEB\BrainstormCommunityForum\vendor\illuminate\container\Container.php(694): Illuminate\Container\Container->resolve('Flarum\\Extensio...', Array)
#21 C:\Users\tux\OneDrive\Documents\WEB\BrainstormCommunityForum\vendor\flarum\core\src\Extension\ExtensionServiceProvider.php(31): Illuminate\Container\Container->make('flarum.extensio...')
#22 [internal function]: Flarum\Extension\ExtensionServiceProvider->Flarum\Extension\{closure}(Object(Flarum\Foundation\Application))
#23 C:\Users\tux\OneDrive\Documents\WEB\BrainstormCommunityForum\vendor\flarum\core\src\Foundation\Application.php(329): call_user_func(Object(Closure), Object(Flarum\Foundation\Application))
#24 C:\Users\tux\OneDrive\Documents\WEB\BrainstormCommunityForum\vendor\flarum\core\src\Foundation\Application.php(270): Flarum\Foundation\Application->fireAppCallbacks(Array)
#25 C:\Users\tux\OneDrive\Documents\WEB\BrainstormCommunityForum\vendor\flarum\core\src\Foundation\InstalledSite.php(151): Flarum\Foundation\Application->boot()
#26 C:\Users\tux\OneDrive\Documents\WEB\BrainstormCommunityForum\vendor\flarum\core\src\Foundation\InstalledSite.php(82): Flarum\Foundation\InstalledSite->bootLaravel()
#27 C:\Users\tux\OneDrive\Documents\WEB\BrainstormCommunityForum\vendor\flarum\core\src\Http\Server.php(59): Flarum\Foundation\InstalledSite->bootApp()
#28 C:\Users\tux\OneDrive\Documents\WEB\BrainstormCommunityForum\vendor\flarum\core\src\Http\Server.php(36): Flarum\Http\Server->safelyBootAndGetHandler()
#29 C:\Users\tux\OneDrive\Documents\WEB\BrainstormCommunityForum\public\index.php(26): Flarum\Http\Server->listen()
#30 {main}  
[2023-03-11 14:58:56] flarum.ERROR: PDOException: SQLSTATE[HY000] [2002] No connection could be made because the target machine actively refused it in C:\Users\tux\OneDrive\Documents\WEB\BrainstormCommunityForum\vendor\doctrine\dbal\lib\Doctrine\DBAL\Driver\PDOConnection.php:40
Stack trace:
#0 C:\Users\tux\OneDrive\Documents\WEB\BrainstormCommunityForum\vendor\doctrine\dbal\lib\Doctrine\DBAL\Driver\PDOConnection.php(40): PDO->__construct('mysql:host=loca...', 'root', Object(SensitiveParameterValue), Array)
#1 C:\Users\tux\OneDrive\Documents\WEB\BrainstormCommunityForum\vendor\illuminate\database\Connectors\Connector.php(67): Doctrine\DBAL\Driver\PDOConnection->__construct('mysql:host=loca...', 'root', '', Array)
#2 C:\Users\tux\OneDrive\Documents\WEB\BrainstormCommunityForum\vendor\illuminate\database\Connectors\Connector.php(45): Illuminate\Database\Connectors\Connector->createPdoConnection('mysql:host=loca...', 'root', '', Array)
#3 C:\Users\tux\OneDrive\Documents\WEB\BrainstormCommunityForum\vendor\illuminate\database\Connectors\MySqlConnector.php(24): Illuminate\Database\Connectors\Connector->createConnection('mysql:host=loca...', Array, Array)
#4 C:\Users\tux\OneDrive\Documents\WEB\BrainstormCommunityForum\vendor\illuminate\database\Connectors\ConnectionFactory.php(184): Illuminate\Database\Connectors\MySqlConnector->connect(Array)
#5 [internal function]: Illuminate\Database\Connectors\ConnectionFactory->Illuminate\Database\Connectors\{closure}()
#6 C:\Users\tux\OneDrive\Documents\WEB\BrainstormCommunityForum\vendor\illuminate\database\Connection.php(1064): call_user_func(Object(Closure))
#7 C:\Users\tux\OneDrive\Documents\WEB\BrainstormCommunityForum\vendor\illuminate\database\Connection.php(1014): Illuminate\Database\Connection->getPdo()
#8 C:\Users\tux\OneDrive\Documents\WEB\BrainstormCommunityForum\vendor\illuminate\database\Connection.php(994): Illuminate\Database\Connection->getDoctrineConnection()
#9 C:\Users\tux\OneDrive\Documents\WEB\BrainstormCommunityForum\vendor\flarum\core\src\Database\Migrator.php(69): Illuminate\Database\Connection->getDoctrineSchemaManager()
#10 [internal function]: Flarum\Database\Migrator->__construct(Object(Flarum\Database\DatabaseMigrationRepository), Object(Illuminate\Database\MySqlConnection), Object(Illuminate\Filesystem\Filesystem))
#11 C:\Users\tux\OneDrive\Documents\WEB\BrainstormCommunityForum\vendor\illuminate\container\Container.php(917): ReflectionClass->newInstanceArgs(Array)
#12 C:\Users\tux\OneDrive\Documents\WEB\BrainstormCommunityForum\vendor\illuminate\container\Container.php(758): Illuminate\Container\Container->build('Flarum\\Database...')
#13 C:\Users\tux\OneDrive\Documents\WEB\BrainstormCommunityForum\vendor\illuminate\container\Container.php(694): Illuminate\Container\Container->resolve('Flarum\\Database...', Array)
#14 C:\Users\tux\OneDrive\Documents\WEB\BrainstormCommunityForum\vendor\illuminate\container\Container.php(1027): Illuminate\Container\Container->make('Flarum\\Database...')
#15 C:\Users\tux\OneDrive\Documents\WEB\BrainstormCommunityForum\vendor\illuminate\container\Container.php(947): Illuminate\Container\Container->resolveClass(Object(ReflectionParameter))
#16 C:\Users\tux\OneDrive\Documents\WEB\BrainstormCommunityForum\vendor\illuminate\container\Container.php(908): Illuminate\Container\Container->resolveDependencies(Array)
#17 C:\Users\tux\OneDrive\Documents\WEB\BrainstormCommunityForum\vendor\illuminate\container\Container.php(292): Illuminate\Container\Container->build('Flarum\\Extensio...')
#18 C:\Users\tux\OneDrive\Documents\WEB\BrainstormCommunityForum\vendor\illuminate\container\Container.php(873): Illuminate\Container\Container->Illuminate\Container\{closure}(Object(Illuminate\Container\Container), Array)
#19 C:\Users\tux\OneDrive\Documents\WEB\BrainstormCommunityForum\vendor\illuminate\container\Container.php(758): Illuminate\Container\Container->build(Object(Closure))
#20 C:\Users\tux\OneDrive\Documents\WEB\BrainstormCommunityForum\vendor\illuminate\container\Container.php(694): Illuminate\Container\Container->resolve('Flarum\\Extensio...', Array)
#21 C:\Users\tux\OneDrive\Documents\WEB\BrainstormCommunityForum\vendor\flarum\core\src\Extension\ExtensionServiceProvider.php(31): Illuminate\Container\Container->make('flarum.extensio...')
#22 [internal function]: Flarum\Extension\ExtensionServiceProvider->Flarum\Extension\{closure}(Object(Flarum\Foundation\Application))
#23 C:\Users\tux\OneDrive\Documents\WEB\BrainstormCommunityForum\vendor\flarum\core\src\Foundation\Application.php(329): call_user_func(Object(Closure), Object(Flarum\Foundation\Application))
#24 C:\Users\tux\OneDrive\Documents\WEB\BrainstormCommunityForum\vendor\flarum\core\src\Foundation\Application.php(270): Flarum\Foundation\Application->fireAppCallbacks(Array)
#25 C:\Users\tux\OneDrive\Documents\WEB\BrainstormCommunityForum\vendor\flarum\core\src\Foundation\InstalledSite.php(151): Flarum\Foundation\Application->boot()
#26 C:\Users\tux\OneDrive\Documents\WEB\BrainstormCommunityForum\vendor\flarum\core\src\Foundation\InstalledSite.php(82): Flarum\Foundation\InstalledSite->bootLaravel()
#27 C:\Users\tux\OneDrive\Documents\WEB\BrainstormCommunityForum\vendor\flarum\core\src\Http\Server.php(59): Flarum\Foundation\InstalledSite->bootApp()
#28 C:\Users\tux\OneDrive\Documents\WEB\BrainstormCommunityForum\vendor\flarum\core\src\Http\Server.php(36): Flarum\Http\Server->safelyBootAndGetHandler()
#29 C:\Users\tux\OneDrive\Documents\WEB\BrainstormCommunityForum\public\index.php(26): Flarum\Http\Server->listen()
#30 {main}

Next Doctrine\DBAL\Driver\PDO\Exception: SQLSTATE[HY000] [2002] No connection could be made because the target machine actively refused it in C:\Users\tux\OneDrive\Documents\WEB\BrainstormCommunityForum\vendor\doctrine\dbal\lib\Doctrine\DBAL\Driver\PDO\Exception.php:18
Stack trace:
#0 C:\Users\tux\OneDrive\Documents\WEB\BrainstormCommunityForum\vendor\doctrine\dbal\lib\Doctrine\DBAL\Driver\PDOConnection.php(44): Doctrine\DBAL\Driver\PDO\Exception::new(Object(PDOException))
#1 C:\Users\tux\OneDrive\Documents\WEB\BrainstormCommunityForum\vendor\illuminate\database\Connectors\Connector.php(67): Doctrine\DBAL\Driver\PDOConnection->__construct('mysql:host=loca...', 'root', '', Array)
#2 C:\Users\tux\OneDrive\Documents\WEB\BrainstormCommunityForum\vendor\illuminate\database\Connectors\Connector.php(45): Illuminate\Database\Connectors\Connector->createPdoConnection('mysql:host=loca...', 'root', '', Array)
#3 C:\Users\tux\OneDrive\Documents\WEB\BrainstormCommunityForum\vendor\illuminate\database\Connectors\MySqlConnector.php(24): Illuminate\Database\Connectors\Connector->createConnection('mysql:host=loca...', Array, Array)
#4 C:\Users\tux\OneDrive\Documents\WEB\BrainstormCommunityForum\vendor\illuminate\database\Connectors\ConnectionFactory.php(184): Illuminate\Database\Connectors\MySqlConnector->connect(Array)
#5 [internal function]: Illuminate\Database\Connectors\ConnectionFactory->Illuminate\Database\Connectors\{closure}()
#6 C:\Users\tux\OneDrive\Documents\WEB\BrainstormCommunityForum\vendor\illuminate\database\Connection.php(1064): call_user_func(Object(Closure))
#7 C:\Users\tux\OneDrive\Documents\WEB\BrainstormCommunityForum\vendor\illuminate\database\Connection.php(1014): Illuminate\Database\Connection->getPdo()
#8 C:\Users\tux\OneDrive\Documents\WEB\BrainstormCommunityForum\vendor\illuminate\database\Connection.php(994): Illuminate\Database\Connection->getDoctrineConnection()
#9 C:\Users\tux\OneDrive\Documents\WEB\BrainstormCommunityForum\vendor\flarum\core\src\Database\Migrator.php(69): Illuminate\Database\Connection->getDoctrineSchemaManager()
#10 [internal function]: Flarum\Database\Migrator->__construct(Object(Flarum\Database\DatabaseMigrationRepository), Object(Illuminate\Database\MySqlConnection), Object(Illuminate\Filesystem\Filesystem))
#11 C:\Users\tux\OneDrive\Documents\WEB\BrainstormCommunityForum\vendor\illuminate\container\Container.php(917): ReflectionClass->newInstanceArgs(Array)
#12 C:\Users\tux\OneDrive\Documents\WEB\BrainstormCommunityForum\vendor\illuminate\container\Container.php(758): Illuminate\Container\Container->build('Flarum\\Database...')
#13 C:\Users\tux\OneDrive\Documents\WEB\BrainstormCommunityForum\vendor\illuminate\container\Container.php(694): Illuminate\Container\Container->resolve('Flarum\\Database...', Array)
#14 C:\Users\tux\OneDrive\Documents\WEB\BrainstormCommunityForum\vendor\illuminate\container\Container.php(1027): Illuminate\Container\Container->make('Flarum\\Database...')
#15 C:\Users\tux\OneDrive\Documents\WEB\BrainstormCommunityForum\vendor\illuminate\container\Container.php(947): Illuminate\Container\Container->resolveClass(Object(ReflectionParameter))
#16 C:\Users\tux\OneDrive\Documents\WEB\BrainstormCommunityForum\vendor\illuminate\container\Container.php(908): Illuminate\Container\Container->resolveDependencies(Array)
#17 C:\Users\tux\OneDrive\Documents\WEB\BrainstormCommunityForum\vendor\illuminate\container\Container.php(292): Illuminate\Container\Container->build('Flarum\\Extensio...')
#18 C:\Users\tux\OneDrive\Documents\WEB\BrainstormCommunityForum\vendor\illuminate\container\Container.php(873): Illuminate\Container\Container->Illuminate\Container\{closure}(Object(Illuminate\Container\Container), Array)
#19 C:\Users\tux\OneDrive\Documents\WEB\BrainstormCommunityForum\vendor\illuminate\container\Container.php(758): Illuminate\Container\Container->build(Object(Closure))
#20 C:\Users\tux\OneDrive\Documents\WEB\BrainstormCommunityForum\vendor\illuminate\container\Container.php(694): Illuminate\Container\Container->resolve('Flarum\\Extensio...', Array)
#21 C:\Users\tux\OneDrive\Documents\WEB\BrainstormCommunityForum\vendor\flarum\core\src\Extension\ExtensionServiceProvider.php(31): Illuminate\Container\Container->make('flarum.extensio...')
#22 [internal function]: Flarum\Extension\ExtensionServiceProvider->Flarum\Extension\{closure}(Object(Flarum\Foundation\Application))
#23 C:\Users\tux\OneDrive\Documents\WEB\BrainstormCommunityForum\vendor\flarum\core\src\Foundation\Application.php(329): call_user_func(Object(Closure), Object(Flarum\Foundation\Application))
#24 C:\Users\tux\OneDrive\Documents\WEB\BrainstormCommunityForum\vendor\flarum\core\src\Foundation\Application.php(270): Flarum\Foundation\Application->fireAppCallbacks(Array)
#25 C:\Users\tux\OneDrive\Documents\WEB\BrainstormCommunityForum\vendor\flarum\core\src\Foundation\InstalledSite.php(151): Flarum\Foundation\Application->boot()
#26 C:\Users\tux\OneDrive\Documents\WEB\BrainstormCommunityForum\vendor\flarum\core\src\Foundation\InstalledSite.php(82): Flarum\Foundation\InstalledSite->bootLaravel()
#27 C:\Users\tux\OneDrive\Documents\WEB\BrainstormCommunityForum\vendor\flarum\core\src\Http\Server.php(59): Flarum\Foundation\InstalledSite->bootApp()
#28 C:\Users\tux\OneDrive\Documents\WEB\BrainstormCommunityForum\vendor\flarum\core\src\Http\Server.php(36): Flarum\Http\Server->safelyBootAndGetHandler()
#29 C:\Users\tux\OneDrive\Documents\WEB\BrainstormCommunityForum\public\index.php(26): Flarum\Http\Server->listen()
#30 {main}  
[2023-03-11 14:59:13] flarum.ERROR: PDOException: SQLSTATE[HY000] [2002] No connection could be made because the target machine actively refused it in C:\Users\tux\OneDrive\Documents\WEB\BrainstormCommunityForum\vendor\doctrine\dbal\lib\Doctrine\DBAL\Driver\PDOConnection.php:40
Stack trace:
#0 C:\Users\tux\OneDrive\Documents\WEB\BrainstormCommunityForum\vendor\doctrine\dbal\lib\Doctrine\DBAL\Driver\PDOConnection.php(40): PDO->__construct('mysql:host=loca...', 'root', Object(SensitiveParameterValue), Array)
#1 C:\Users\tux\OneDrive\Documents\WEB\BrainstormCommunityForum\vendor\illuminate\database\Connectors\Connector.php(67): Doctrine\DBAL\Driver\PDOConnection->__construct('mysql:host=loca...', 'root', '', Array)
#2 C:\Users\tux\OneDrive\Documents\WEB\BrainstormCommunityForum\vendor\illuminate\database\Connectors\Connector.php(45): Illuminate\Database\Connectors\Connector->createPdoConnection('mysql:host=loca...', 'root', '', Array)
#3 C:\Users\tux\OneDrive\Documents\WEB\BrainstormCommunityForum\vendor\illuminate\database\Connectors\MySqlConnector.php(24): Illuminate\Database\Connectors\Connector->createConnection('mysql:host=loca...', Array, Array)
#4 C:\Users\tux\OneDrive\Documents\WEB\BrainstormCommunityForum\vendor\illuminate\database\Connectors\ConnectionFactory.php(184): Illuminate\Database\Connectors\MySqlConnector->connect(Array)
#5 [internal function]: Illuminate\Database\Connectors\ConnectionFactory->Illuminate\Database\Connectors\{closure}()
#6 C:\Users\tux\OneDrive\Documents\WEB\BrainstormCommunityForum\vendor\illuminate\database\Connection.php(1064): call_user_func(Object(Closure))
#7 C:\Users\tux\OneDrive\Documents\WEB\BrainstormCommunityForum\vendor\illuminate\database\Connection.php(1014): Illuminate\Database\Connection->getPdo()
#8 C:\Users\tux\OneDrive\Documents\WEB\BrainstormCommunityForum\vendor\illuminate\database\Connection.php(994): Illuminate\Database\Connection->getDoctrineConnection()
#9 C:\Users\tux\OneDrive\Documents\WEB\BrainstormCommunityForum\vendor\flarum\core\src\Database\Migrator.php(69): Illuminate\Database\Connection->getDoctrineSchemaManager()
#10 [internal function]: Flarum\Database\Migrator->__construct(Object(Flarum\Database\DatabaseMigrationRepository), Object(Illuminate\Database\MySqlConnection), Object(Illuminate\Filesystem\Filesystem))
#11 C:\Users\tux\OneDrive\Documents\WEB\BrainstormCommunityForum\vendor\illuminate\container\Container.php(917): ReflectionClass->newInstanceArgs(Array)
#12 C:\Users\tux\OneDrive\Documents\WEB\BrainstormCommunityForum\vendor\illuminate\container\Container.php(758): Illuminate\Container\Container->build('Flarum\\Database...')
#13 C:\Users\tux\OneDrive\Documents\WEB\BrainstormCommunityForum\vendor\illuminate\container\Container.php(694): Illuminate\Container\Container->resolve('Flarum\\Database...', Array)
#14 C:\Users\tux\OneDrive\Documents\WEB\BrainstormCommunityForum\vendor\illuminate\container\Container.php(1027): Illuminate\Container\Container->make('Flarum\\Database...')
#15 C:\Users\tux\OneDrive\Documents\WEB\BrainstormCommunityForum\vendor\illuminate\container\Container.php(947): Illuminate\Container\Container->resolveClass(Object(ReflectionParameter))
#16 C:\Users\tux\OneDrive\Documents\WEB\BrainstormCommunityForum\vendor\illuminate\container\Container.php(908): Illuminate\Container\Container->resolveDependencies(Array)
#17 C:\Users\tux\OneDrive\Documents\WEB\BrainstormCommunityForum\vendor\illuminate\container\Container.php(292): Illuminate\Container\Container->build('Flarum\\Extensio...')
#18 C:\Users\tux\OneDrive\Documents\WEB\BrainstormCommunityForum\vendor\illuminate\container\Container.php(873): Illuminate\Container\Container->Illuminate\Container\{closure}(Object(Illuminate\Container\Container), Array)
#19 C:\Users\tux\OneDrive\Documents\WEB\BrainstormCommunityForum\vendor\illuminate\container\Container.php(758): Illuminate\Container\Container->build(Object(Closure))
#20 C:\Users\tux\OneDrive\Documents\WEB\BrainstormCommunityForum\vendor\illuminate\container\Container.php(694): Illuminate\Container\Container->resolve('Flarum\\Extensio...', Array)
#21 C:\Users\tux\OneDrive\Documents\WEB\BrainstormCommunityForum\vendor\flarum\core\src\Extension\ExtensionServiceProvider.php(31): Illuminate\Container\Container->make('flarum.extensio...')
#22 [internal function]: Flarum\Extension\ExtensionServiceProvider->Flarum\Extension\{closure}(Object(Flarum\Foundation\Application))
#23 C:\Users\tux\OneDrive\Documents\WEB\BrainstormCommunityForum\vendor\flarum\core\src\Foundation\Application.php(329): call_user_func(Object(Closure), Object(Flarum\Foundation\Application))
#24 C:\Users\tux\OneDrive\Documents\WEB\BrainstormCommunityForum\vendor\flarum\core\src\Foundation\Application.php(270): Flarum\Foundation\Application->fireAppCallbacks(Array)
#25 C:\Users\tux\OneDrive\Documents\WEB\BrainstormCommunityForum\vendor\flarum\core\src\Foundation\InstalledSite.php(151): Flarum\Foundation\Application->boot()
#26 C:\Users\tux\OneDrive\Documents\WEB\BrainstormCommunityForum\vendor\flarum\core\src\Foundation\InstalledSite.php(82): Flarum\Foundation\InstalledSite->bootLaravel()
#27 C:\Users\tux\OneDrive\Documents\WEB\BrainstormCommunityForum\vendor\flarum\core\src\Http\Server.php(59): Flarum\Foundation\InstalledSite->bootApp()
#28 C:\Users\tux\OneDrive\Documents\WEB\BrainstormCommunityForum\vendor\flarum\core\src\Http\Server.php(36): Flarum\Http\Server->safelyBootAndGetHandler()
#29 C:\Users\tux\OneDrive\Documents\WEB\BrainstormCommunityForum\public\index.php(26): Flarum\Http\Server->listen()
#30 {main}

Next Doctrine\DBAL\Driver\PDO\Exception: SQLSTATE[HY000] [2002] No connection could be made because the target machine actively refused it in C:\Users\tux\OneDrive\Documents\WEB\BrainstormCommunityForum\vendor\doctrine\dbal\lib\Doctrine\DBAL\Driver\PDO\Exception.php:18
Stack trace:
#0 C:\Users\tux\OneDrive\Documents\WEB\BrainstormCommunityForum\vendor\doctrine\dbal\lib\Doctrine\DBAL\Driver\PDOConnection.php(44): Doctrine\DBAL\Driver\PDO\Exception::new(Object(PDOException))
#1 C:\Users\tux\OneDrive\Documents\WEB\BrainstormCommunityForum\vendor\illuminate\database\Connectors\Connector.php(67): Doctrine\DBAL\Driver\PDOConnection->__construct('mysql:host=loca...', 'root', '', Array)
#2 C:\Users\tux\OneDrive\Documents\WEB\BrainstormCommunityForum\vendor\illuminate\database\Connectors\Connector.php(45): Illuminate\Database\Connectors\Connector->createPdoConnection('mysql:host=loca...', 'root', '', Array)
#3 C:\Users\tux\OneDrive\Documents\WEB\BrainstormCommunityForum\vendor\illuminate\database\Connectors\MySqlConnector.php(24): Illuminate\Database\Connectors\Connector->createConnection('mysql:host=loca...', Array, Array)
#4 C:\Users\tux\OneDrive\Documents\WEB\BrainstormCommunityForum\vendor\illuminate\database\Connectors\ConnectionFactory.php(184): Illuminate\Database\Connectors\MySqlConnector->connect(Array)
#5 [internal function]: Illuminate\Database\Connectors\ConnectionFactory->Illuminate\Database\Connectors\{closure}()
#6 C:\Users\tux\OneDrive\Documents\WEB\BrainstormCommunityForum\vendor\illuminate\database\Connection.php(1064): call_user_func(Object(Closure))
#7 C:\Users\tux\OneDrive\Documents\WEB\BrainstormCommunityForum\vendor\illuminate\database\Connection.php(1014): Illuminate\Database\Connection->getPdo()
#8 C:\Users\tux\OneDrive\Documents\WEB\BrainstormCommunityForum\vendor\illuminate\database\Connection.php(994): Illuminate\Database\Connection->getDoctrineConnection()
#9 C:\Users\tux\OneDrive\Documents\WEB\BrainstormCommunityForum\vendor\flarum\core\src\Database\Migrator.php(69): Illuminate\Database\Connection->getDoctrineSchemaManager()
#10 [internal function]: Flarum\Database\Migrator->__construct(Object(Flarum\Database\DatabaseMigrationRepository), Object(Illuminate\Database\MySqlConnection), Object(Illuminate\Filesystem\Filesystem))
#11 C:\Users\tux\OneDrive\Documents\WEB\BrainstormCommunityForum\vendor\illuminate\container\Container.php(917): ReflectionClass->newInstanceArgs(Array)
#12 C:\Users\tux\OneDrive\Documents\WEB\BrainstormCommunityForum\vendor\illuminate\container\Container.php(758): Illuminate\Container\Container->build('Flarum\\Database...')
#13 C:\Users\tux\OneDrive\Documents\WEB\BrainstormCommunityForum\vendor\illuminate\container\Container.php(694): Illuminate\Container\Container->resolve('Flarum\\Database...', Array)
#14 C:\Users\tux\OneDrive\Documents\WEB\BrainstormCommunityForum\vendor\illuminate\container\Container.php(1027): Illuminate\Container\Container->make('Flarum\\Database...')
#15 C:\Users\tux\OneDrive\Documents\WEB\BrainstormCommunityForum\vendor\illuminate\container\Container.php(947): Illuminate\Container\Container->resolveClass(Object(ReflectionParameter))
#16 C:\Users\tux\OneDrive\Documents\WEB\BrainstormCommunityForum\vendor\illuminate\container\Container.php(908): Illuminate\Container\Container->resolveDependencies(Array)
#17 C:\Users\tux\OneDrive\Documents\WEB\BrainstormCommunityForum\vendor\illuminate\container\Container.php(292): Illuminate\Container\Container->build('Flarum\\Extensio...')
#18 C:\Users\tux\OneDrive\Documents\WEB\BrainstormCommunityForum\vendor\illuminate\container\Container.php(873): Illuminate\Container\Container->Illuminate\Container\{closure}(Object(Illuminate\Container\Container), Array)
#19 C:\Users\tux\OneDrive\Documents\WEB\BrainstormCommunityForum\vendor\illuminate\container\Container.php(758): Illuminate\Container\Container->build(Object(Closure))
#20 C:\Users\tux\OneDrive\Documents\WEB\BrainstormCommunityForum\vendor\illuminate\container\Container.php(694): Illuminate\Container\Container->resolve('Flarum\\Extensio...', Array)
#21 C:\Users\tux\OneDrive\Documents\WEB\BrainstormCommunityForum\vendor\flarum\core\src\Extension\ExtensionServiceProvider.php(31): Illuminate\Container\Container->make('flarum.extensio...')
#22 [internal function]: Flarum\Extension\ExtensionServiceProvider->Flarum\Extension\{closure}(Object(Flarum\Foundation\Application))
#23 C:\Users\tux\OneDrive\Documents\WEB\BrainstormCommunityForum\vendor\flarum\core\src\Foundation\Application.php(329): call_user_func(Object(Closure), Object(Flarum\Foundation\Application))
#24 C:\Users\tux\OneDrive\Documents\WEB\BrainstormCommunityForum\vendor\flarum\core\src\Foundation\Application.php(270): Flarum\Foundation\Application->fireAppCallbacks(Array)
#25 C:\Users\tux\OneDrive\Documents\WEB\BrainstormCommunityForum\vendor\flarum\core\src\Foundation\InstalledSite.php(151): Flarum\Foundation\Application->boot()
#26 C:\Users\tux\OneDrive\Documents\WEB\BrainstormCommunityForum\vendor\flarum\core\src\Foundation\InstalledSite.php(82): Flarum\Foundation\InstalledSite->bootLaravel()
#27 C:\Users\tux\OneDrive\Documents\WEB\BrainstormCommunityForum\vendor\flarum\core\src\Http\Server.php(59): Flarum\Foundation\InstalledSite->bootApp()
#28 C:\Users\tux\OneDrive\Documents\WEB\BrainstormCommunityForum\vendor\flarum\core\src\Http\Server.php(36): Flarum\Http\Server->safelyBootAndGetHandler()
#29 C:\Users\tux\OneDrive\Documents\WEB\BrainstormCommunityForum\public\index.php(26): Flarum\Http\Server->listen()
#30 {main}  
[2023-03-11 15:11:33] flarum.ERROR: Swift_TransportException: Process could not be started [The system cannot find the path specified.
] in C:\Users\tux\OneDrive\Documents\WEB\BrainstormCommunityForum\vendor\swiftmailer\swiftmailer\lib\classes\Swift\Transport\StreamBuffer.php:294
Stack trace:
#0 C:\Users\tux\OneDrive\Documents\WEB\BrainstormCommunityForum\vendor\swiftmailer\swiftmailer\lib\classes\Swift\Transport\StreamBuffer.php(54): Swift_Transport_StreamBuffer->establishProcessConnection()
#1 C:\Users\tux\OneDrive\Documents\WEB\BrainstormCommunityForum\vendor\swiftmailer\swiftmailer\lib\classes\Swift\Transport\AbstractSmtpTransport.php(143): Swift_Transport_StreamBuffer->initialize(Array)
#2 C:\Users\tux\OneDrive\Documents\WEB\BrainstormCommunityForum\vendor\swiftmailer\swiftmailer\lib\classes\Swift\Transport\SendmailTransport.php(50): Swift_Transport_AbstractSmtpTransport->start()
#3 C:\Users\tux\OneDrive\Documents\WEB\BrainstormCommunityForum\vendor\swiftmailer\swiftmailer\lib\classes\Swift\Mailer.php(65): Swift_Transport_SendmailTransport->start()
#4 C:\Users\tux\OneDrive\Documents\WEB\BrainstormCommunityForum\vendor\illuminate\mail\Mailer.php(521): Swift_Mailer->send(Object(Swift_Message), Array)
#5 C:\Users\tux\OneDrive\Documents\WEB\BrainstormCommunityForum\vendor\illuminate\mail\Mailer.php(288): Illuminate\Mail\Mailer->sendSwiftMessage(Object(Swift_Message))
#6 C:\Users\tux\OneDrive\Documents\WEB\BrainstormCommunityForum\vendor\illuminate\mail\Mailer.php(212): Illuminate\Mail\Mailer->send(NULL, Array, Object(Closure))
#7 C:\Users\tux\OneDrive\Documents\WEB\BrainstormCommunityForum\vendor\flarum\core\src\Mail\Job\SendRawEmailJob.php(31): Illuminate\Mail\Mailer->raw('Hey nunofonseca...', Object(Closure))
#8 C:\Users\tux\OneDrive\Documents\WEB\BrainstormCommunityForum\vendor\illuminate\container\BoundMethod.php(36): Flarum\Mail\Job\SendRawEmailJob->handle(Object(Illuminate\Mail\Mailer))
#9 C:\Users\tux\OneDrive\Documents\WEB\BrainstormCommunityForum\vendor\illuminate\container\Util.php(40): Illuminate\Container\BoundMethod::Illuminate\Container\{closure}()
#10 C:\Users\tux\OneDrive\Documents\WEB\BrainstormCommunityForum\vendor\illuminate\container\BoundMethod.php(93): Illuminate\Container\Util::unwrapIfClosure(Object(Closure))
#11 C:\Users\tux\OneDrive\Documents\WEB\BrainstormCommunityForum\vendor\illuminate\container\BoundMethod.php(35): Illuminate\Container\BoundMethod::callBoundMethod(Object(Illuminate\Container\Container), Array, Object(Closure))
#12 C:\Users\tux\OneDrive\Documents\WEB\BrainstormCommunityForum\vendor\illuminate\container\Container.php(653): Illuminate\Container\BoundMethod::call(Object(Illuminate\Container\Container), Array, Array, NULL)
#13 C:\Users\tux\OneDrive\Documents\WEB\BrainstormCommunityForum\vendor\illuminate\bus\Dispatcher.php(128): Illuminate\Container\Container->call(Array)
#14 C:\Users\tux\OneDrive\Documents\WEB\BrainstormCommunityForum\vendor\illuminate\pipeline\Pipeline.php(128): Illuminate\Bus\Dispatcher->Illuminate\Bus\{closure}(Object(Flarum\Mail\Job\SendRawEmailJob))
#15 C:\Users\tux\OneDrive\Documents\WEB\BrainstormCommunityForum\vendor\illuminate\pipeline\Pipeline.php(103): Illuminate\Pipeline\Pipeline->Illuminate\Pipeline\{closure}(Object(Flarum\Mail\Job\SendRawEmailJob))
#16 C:\Users\tux\OneDrive\Documents\WEB\BrainstormCommunityForum\vendor\illuminate\bus\Dispatcher.php(132): Illuminate\Pipeline\Pipeline->then(Object(Closure))
#17 C:\Users\tux\OneDrive\Documents\WEB\BrainstormCommunityForum\vendor\illuminate\queue\CallQueuedHandler.php(119): Illuminate\Bus\Dispatcher->dispatchNow(Object(Flarum\Mail\Job\SendRawEmailJob), false)
#18 C:\Users\tux\OneDrive\Documents\WEB\BrainstormCommunityForum\vendor\illuminate\pipeline\Pipeline.php(128): Illuminate\Queue\CallQueuedHandler->Illuminate\Queue\{closure}(Object(Flarum\Mail\Job\SendRawEmailJob))
#19 C:\Users\tux\OneDrive\Documents\WEB\BrainstormCommunityForum\vendor\illuminate\pipeline\Pipeline.php(103): Illuminate\Pipeline\Pipeline->Illuminate\Pipeline\{closure}(Object(Flarum\Mail\Job\SendRawEmailJob))
#20 C:\Users\tux\OneDrive\Documents\WEB\BrainstormCommunityForum\vendor\illuminate\queue\CallQueuedHandler.php(118): Illuminate\Pipeline\Pipeline->then(Object(Closure))
#21 C:\Users\tux\OneDrive\Documents\WEB\BrainstormCommunityForum\vendor\illuminate\queue\CallQueuedHandler.php(70): Illuminate\Queue\CallQueuedHandler->dispatchThroughMiddleware(Object(Illuminate\Queue\Jobs\SyncJob), Object(Flarum\Mail\Job\SendRawEmailJob))
#22 C:\Users\tux\OneDrive\Documents\WEB\BrainstormCommunityForum\vendor\illuminate\queue\Jobs\Job.php(98): Illuminate\Queue\CallQueuedHandler->call(Object(Illuminate\Queue\Jobs\SyncJob), Array)
#23 C:\Users\tux\OneDrive\Documents\WEB\BrainstormCommunityForum\vendor\illuminate\queue\SyncQueue.php(43): Illuminate\Queue\Jobs\Job->fire()
#24 C:\Users\tux\OneDrive\Documents\WEB\BrainstormCommunityForum\vendor\flarum\core\src\User\Job\RequestPasswordResetJob.php(58): Illuminate\Queue\SyncQueue->push(Object(Flarum\Mail\Job\SendRawEmailJob))
#25 C:\Users\tux\OneDrive\Documents\WEB\BrainstormCommunityForum\vendor\illuminate\container\BoundMethod.php(36): Flarum\User\Job\RequestPasswordResetJob->handle(Object(Flarum\Settings\DefaultSettingsRepository), Object(Flarum\Http\UrlGenerator), Object(Flarum\Locale\Translator), Object(Flarum\User\UserRepository), Object(Illuminate\Queue\SyncQueue))
#26 C:\Users\tux\OneDrive\Documents\WEB\BrainstormCommunityForum\vendor\illuminate\container\Util.php(40): Illuminate\Container\BoundMethod::Illuminate\Container\{closure}()
#27 C:\Users\tux\OneDrive\Documents\WEB\BrainstormCommunityForum\vendor\illuminate\container\BoundMethod.php(93): Illuminate\Container\Util::unwrapIfClosure(Object(Closure))
#28 C:\Users\tux\OneDrive\Documents\WEB\BrainstormCommunityForum\vendor\illuminate\container\BoundMethod.php(35): Illuminate\Container\BoundMethod::callBoundMethod(Object(Illuminate\Container\Container), Array, Object(Closure))
#29 C:\Users\tux\OneDrive\Documents\WEB\BrainstormCommunityForum\vendor\illuminate\container\Container.php(653): Illuminate\Container\BoundMethod::call(Object(Illuminate\Container\Container), Array, Array, NULL)
#30 C:\Users\tux\OneDrive\Documents\WEB\BrainstormCommunityForum\vendor\illuminate\bus\Dispatcher.php(128): Illuminate\Container\Container->call(Array)
#31 C:\Users\tux\OneDrive\Documents\WEB\BrainstormCommunityForum\vendor\illuminate\pipeline\Pipeline.php(128): Illuminate\Bus\Dispatcher->Illuminate\Bus\{closure}(Object(Flarum\User\Job\RequestPasswordResetJob))
#32 C:\Users\tux\OneDrive\Documents\WEB\BrainstormCommunityForum\vendor\illuminate\pipeline\Pipeline.php(103): Illuminate\Pipeline\Pipeline->Illuminate\Pipeline\{closure}(Object(Flarum\User\Job\RequestPasswordResetJob))
#33 C:\Users\tux\OneDrive\Documents\WEB\BrainstormCommunityForum\vendor\illuminate\bus\Dispatcher.php(132): Illuminate\Pipeline\Pipeline->then(Object(Closure))
#34 C:\Users\tux\OneDrive\Documents\WEB\BrainstormCommunityForum\vendor\illuminate\queue\CallQueuedHandler.php(119): Illuminate\Bus\Dispatcher->dispatchNow(Object(Flarum\User\Job\RequestPasswordResetJob), false)
#35 C:\Users\tux\OneDrive\Documents\WEB\BrainstormCommunityForum\vendor\illuminate\pipeline\Pipeline.php(128): Illuminate\Queue\CallQueuedHandler->Illuminate\Queue\{closure}(Object(Flarum\User\Job\RequestPasswordResetJob))
#36 C:\Users\tux\OneDrive\Documents\WEB\BrainstormCommunityForum\vendor\illuminate\pipeline\Pipeline.php(103): Illuminate\Pipeline\Pipeline->Illuminate\Pipeline\{closure}(Object(Flarum\User\Job\RequestPasswordResetJob))
#37 C:\Users\tux\OneDrive\Documents\WEB\BrainstormCommunityForum\vendor\illuminate\queue\CallQueuedHandler.php(118): Illuminate\Pipeline\Pipeline->then(Object(Closure))
#38 C:\Users\tux\OneDrive\Documents\WEB\BrainstormCommunityForum\vendor\illuminate\queue\CallQueuedHandler.php(70): Illuminate\Queue\CallQueuedHandler->dispatchThroughMiddleware(Object(Illuminate\Queue\Jobs\SyncJob), Object(Flarum\User\Job\RequestPasswordResetJob))
#39 C:\Users\tux\OneDrive\Documents\WEB\BrainstormCommunityForum\vendor\illuminate\queue\Jobs\Job.php(98): Illuminate\Queue\CallQueuedHandler->call(Object(Illuminate\Queue\Jobs\SyncJob), Array)
#40 C:\Users\tux\OneDrive\Documents\WEB\BrainstormCommunityForum\vendor\illuminate\queue\SyncQueue.php(43): Illuminate\Queue\Jobs\Job->fire()
#41 C:\Users\tux\OneDrive\Documents\WEB\BrainstormCommunityForum\vendor\flarum\core\src\Api\Controller\ForgotPasswordController.php(52): Illuminate\Queue\SyncQueue->push(Object(Flarum\User\Job\RequestPasswordResetJob))
#42 C:\Users\tux\OneDrive\Documents\WEB\BrainstormCommunityForum\vendor\flarum\core\src\Http\RouteHandlerFactory.php(41): Flarum\Api\Controller\ForgotPasswordController->handle(Object(Laminas\Diactoros\ServerRequest))
#43 C:\Users\tux\OneDrive\Documents\WEB\BrainstormCommunityForum\vendor\flarum\core\src\Http\Middleware\ExecuteRoute.php(27): Flarum\Http\RouteHandlerFactory->Flarum\Http\{closure}(Object(Laminas\Diactoros\ServerRequest), Array)
#44 C:\Users\tux\OneDrive\Documents\WEB\BrainstormCommunityForum\vendor\laminas\laminas-stratigility\src\Next.php(49): Flarum\Http\Middleware\ExecuteRoute->process(Object(Laminas\Diactoros\ServerRequest), Object(Closure))
#45 C:\Users\tux\OneDrive\Documents\WEB\BrainstormCommunityForum\vendor\flarum\core\src\Api\Middleware\ThrottleApi.php(33): Laminas\Stratigility\Next->handle(Object(Laminas\Diactoros\ServerRequest))
#46 C:\Users\tux\OneDrive\Documents\WEB\BrainstormCommunityForum\vendor\laminas\laminas-stratigility\src\Next.php(49): Flarum\Api\Middleware\ThrottleApi->process(Object(Laminas\Diactoros\ServerRequest), Object(Laminas\Stratigility\Next))
#47 C:\Users\tux\OneDrive\Documents\WEB\BrainstormCommunityForum\vendor\flarum\core\src\Http\Middleware\CheckCsrfToken.php(44): Laminas\Stratigility\Next->handle(Object(Laminas\Diactoros\ServerRequest))
#48 C:\Users\tux\OneDrive\Documents\WEB\BrainstormCommunityForum\vendor\laminas\laminas-stratigility\src\Next.php(49): Flarum\Http\Middleware\CheckCsrfToken->process(Object(Laminas\Diactoros\ServerRequest), Object(Laminas\Stratigility\Next))
#49 C:\Users\tux\OneDrive\Documents\WEB\BrainstormCommunityForum\vendor\flarum\core\src\Http\Middleware\ResolveRoute.php(69): Laminas\Stratigility\Next->handle(Object(Laminas\Diactoros\ServerRequest))
#50 C:\Users\tux\OneDrive\Documents\WEB\BrainstormCommunityForum\vendor\laminas\laminas-stratigility\src\Next.php(49): Flarum\Http\Middleware\ResolveRoute->process(Object(Laminas\Diactoros\ServerRequest), Object(Laminas\Stratigility\Next))
#51 C:\Users\tux\OneDrive\Documents\WEB\BrainstormCommunityForum\vendor\flarum\core\src\Http\Middleware\SetLocale.php(51): Laminas\Stratigility\Next->handle(Object(Laminas\Diactoros\ServerRequest))
#52 C:\Users\tux\OneDrive\Documents\WEB\BrainstormCommunityForum\vendor\laminas\laminas-stratigility\src\Next.php(49): Flarum\Http\Middleware\SetLocale->process(Object(Laminas\Diactoros\ServerRequest), Object(Laminas\Stratigility\Next))
#53 C:\Users\tux\OneDrive\Documents\WEB\BrainstormCommunityForum\vendor\flarum\core\src\Http\Middleware\AuthenticateWithHeader.php(58): Laminas\Stratigility\Next->handle(Object(Laminas\Diactoros\ServerRequest))
#54 C:\Users\tux\OneDrive\Documents\WEB\BrainstormCommunityForum\vendor\laminas\laminas-stratigility\src\Next.php(49): Flarum\Http\Middleware\AuthenticateWithHeader->process(Object(Laminas\Diactoros\ServerRequest), Object(Laminas\Stratigility\Next))
#55 C:\Users\tux\OneDrive\Documents\WEB\BrainstormCommunityForum\vendor\flarum\core\src\Http\Middleware\AuthenticateWithSession.php(31): Laminas\Stratigility\Next->handle(Object(Laminas\Diactoros\ServerRequest))
#56 C:\Users\tux\OneDrive\Documents\WEB\BrainstormCommunityForum\vendor\laminas\laminas-stratigility\src\Next.php(49): Flarum\Http\Middleware\AuthenticateWithSession->process(Object(Laminas\Diactoros\ServerRequest), Object(Laminas\Stratigility\Next))
#57 C:\Users\tux\OneDrive\Documents\WEB\BrainstormCommunityForum\vendor\flarum\core\src\Http\Middleware\RememberFromCookie.php(52): Laminas\Stratigility\Next->handle(Object(Laminas\Diactoros\ServerRequest))
#58 C:\Users\tux\OneDrive\Documents\WEB\BrainstormCommunityForum\vendor\laminas\laminas-stratigility\src\Next.php(49): Flarum\Http\Middleware\RememberFromCookie->process(Object(Laminas\Diactoros\ServerRequest), Object(Laminas\Stratigility\Next))
#59 C:\Users\tux\OneDrive\Documents\WEB\BrainstormCommunityForum\vendor\flarum\core\src\Http\Middleware\StartSession.php(61): Laminas\Stratigility\Next->handle(Object(Laminas\Diactoros\ServerRequest))
#60 C:\Users\tux\OneDrive\Documents\WEB\BrainstormCommunityForum\vendor\laminas\laminas-stratigility\src\Next.php(49): Flarum\Http\Middleware\StartSession->process(Object(Laminas\Diactoros\ServerRequest), Object(Laminas\Stratigility\Next))
#61 C:\Users\tux\OneDrive\Documents\WEB\BrainstormCommunityForum\vendor\flarum\core\src\Api\Middleware\FakeHttpMethods.php(29): Laminas\Stratigility\Next->handle(Object(Laminas\Diactoros\ServerRequest))
#62 C:\Users\tux\OneDrive\Documents\WEB\BrainstormCommunityForum\vendor\laminas\laminas-stratigility\src\Next.php(49): Flarum\Api\Middleware\FakeHttpMethods->process(Object(Laminas\Diactoros\ServerRequest), Object(Laminas\Stratigility\Next))
#63 C:\Users\tux\OneDrive\Documents\WEB\BrainstormCommunityForum\vendor\flarum\core\src\Http\Middleware\ParseJsonBody.php(28): Laminas\Stratigility\Next->handle(Object(Laminas\Diactoros\ServerRequest))
#64 C:\Users\tux\OneDrive\Documents\WEB\BrainstormCommunityForum\vendor\laminas\laminas-stratigility\src\Next.php(49): Flarum\Http\Middleware\ParseJsonBody->process(Object(Laminas\Diactoros\ServerRequest), Object(Laminas\Stratigility\Next))
#65 C:\Users\tux\OneDrive\Documents\WEB\BrainstormCommunityForum\vendor\flarum\core\src\Http\Middleware\HandleErrors.php(57): Laminas\Stratigility\Next->handle(Object(Laminas\Diactoros\ServerRequest))
#66 C:\Users\tux\OneDrive\Documents\WEB\BrainstormCommunityForum\vendor\laminas\laminas-stratigility\src\Next.php(49): Flarum\Http\Middleware\HandleErrors->process(Object(Laminas\Diactoros\ServerRequest), Object(Laminas\Stratigility\Next))
#67 C:\Users\tux\OneDrive\Documents\WEB\BrainstormCommunityForum\vendor\flarum\core\src\Http\Middleware\InjectActorReference.php(25): Laminas\Stratigility\Next->handle(Object(Laminas\Diactoros\ServerRequest))
#68 C:\Users\tux\OneDrive\Documents\WEB\BrainstormCommunityForum\vendor\laminas\laminas-stratigility\src\Next.php(49): Flarum\Http\Middleware\InjectActorReference->process(Object(Laminas\Diactoros\ServerRequest), Object(Laminas\Stratigility\Next))
#69 C:\Users\tux\OneDrive\Documents\WEB\BrainstormCommunityForum\vendor\laminas\laminas-stratigility\src\MiddlewarePipe.php(75): Laminas\Stratigility\Next->handle(Object(Laminas\Diactoros\ServerRequest))
#70 C:\Users\tux\OneDrive\Documents\WEB\BrainstormCommunityForum\vendor\middlewares\request-handler\src\RequestHandler.php(84): Laminas\Stratigility\MiddlewarePipe->process(Object(Laminas\Diactoros\ServerRequest), Object(Laminas\Stratigility\Next))
#71 C:\Users\tux\OneDrive\Documents\WEB\BrainstormCommunityForum\vendor\laminas\laminas-stratigility\src\Next.php(49): Middlewares\RequestHandler->process(Object(Laminas\Diactoros\ServerRequest), Object(Laminas\Stratigility\Next))
#72 C:\Users\tux\OneDrive\Documents\WEB\BrainstormCommunityForum\vendor\middlewares\base-path-router\src\BasePathRouter.php(99): Laminas\Stratigility\Next->handle(Object(Laminas\Diactoros\ServerRequest))
#73 C:\Users\tux\OneDrive\Documents\WEB\BrainstormCommunityForum\vendor\laminas\laminas-stratigility\src\Next.php(49): Middlewares\BasePathRouter->process(Object(Laminas\Diactoros\ServerRequest), Object(Laminas\Stratigility\Next))
#74 C:\Users\tux\OneDrive\Documents\WEB\BrainstormCommunityForum\vendor\laminas\laminas-stratigility\src\Middleware\OriginalMessages.php(36): Laminas\Stratigility\Next->handle(Object(Laminas\Diactoros\ServerRequest))
#75 C:\Users\tux\OneDrive\Documents\WEB\BrainstormCommunityForum\vendor\laminas\laminas-stratigility\src\Next.php(49): Laminas\Stratigility\Middleware\OriginalMessages->process(Object(Laminas\Diactoros\ServerRequest), Object(Laminas\Stratigility\Next))
#76 C:\Users\tux\OneDrive\Documents\WEB\BrainstormCommunityForum\vendor\middlewares\base-path\src\BasePath.php(73): Laminas\Stratigility\Next->handle(Object(Laminas\Diactoros\ServerRequest))
#77 C:\Users\tux\OneDrive\Documents\WEB\BrainstormCommunityForum\vendor\laminas\laminas-stratigility\src\Next.php(49): Middlewares\BasePath->process(Object(Laminas\Diactoros\ServerRequest), Object(Laminas\Stratigility\Next))
#78 C:\Users\tux\OneDrive\Documents\WEB\BrainstormCommunityForum\vendor\flarum\core\src\Http\Middleware\ProcessIp.php(24): Laminas\Stratigility\Next->handle(Object(Laminas\Diactoros\ServerRequest))
#79 C:\Users\tux\OneDrive\Documents\WEB\BrainstormCommunityForum\vendor\laminas\laminas-stratigility\src\Next.php(49): Flarum\Http\Middleware\ProcessIp->process(Object(Laminas\Diactoros\ServerRequest), Object(Laminas\Stratigility\Next))
#80 C:\Users\tux\OneDrive\Documents\WEB\BrainstormCommunityForum\vendor\laminas\laminas-stratigility\src\MiddlewarePipe.php(75): Laminas\Stratigility\Next->handle(Object(Laminas\Diactoros\ServerRequest))
#81 C:\Users\tux\OneDrive\Documents\WEB\BrainstormCommunityForum\vendor\laminas\laminas-stratigility\src\MiddlewarePipe.php(64): Laminas\Stratigility\MiddlewarePipe->process(Object(Laminas\Diactoros\ServerRequest), Object(Laminas\Stratigility\EmptyPipelineHandler))
#82 C:\Users\tux\OneDrive\Documents\WEB\BrainstormCommunityForum\vendor\laminas\laminas-httphandlerrunner\src\RequestHandlerRunner.php(73): Laminas\Stratigility\MiddlewarePipe->handle(Object(Laminas\Diactoros\ServerRequest))
#83 C:\Users\tux\OneDrive\Documents\WEB\BrainstormCommunityForum\vendor\flarum\core\src\Http\Server.php(45): Laminas\HttpHandlerRunner\RequestHandlerRunner->run()
#84 C:\Users\tux\OneDrive\Documents\WEB\BrainstormCommunityForum\public\index.php(26): Flarum\Http\Server->listen()
#85 {main}  
[2023-03-11 15:11:33] flarum.ERROR: Swift_TransportException: Process could not be started [The system cannot find the path specified.
] in C:\Users\tux\OneDrive\Documents\WEB\BrainstormCommunityForum\vendor\swiftmailer\swiftmailer\lib\classes\Swift\Transport\StreamBuffer.php:294
Stack trace:
#0 C:\Users\tux\OneDrive\Documents\WEB\BrainstormCommunityForum\vendor\swiftmailer\swiftmailer\lib\classes\Swift\Transport\StreamBuffer.php(54): Swift_Transport_StreamBuffer->establishProcessConnection()
#1 C:\Users\tux\OneDrive\Documents\WEB\BrainstormCommunityForum\vendor\swiftmailer\swiftmailer\lib\classes\Swift\Transport\AbstractSmtpTransport.php(143): Swift_Transport_StreamBuffer->initialize(Array)
#2 C:\Users\tux\OneDrive\Documents\WEB\BrainstormCommunityForum\vendor\swiftmailer\swiftmailer\lib\classes\Swift\Transport\SendmailTransport.php(50): Swift_Transport_AbstractSmtpTransport->start()
#3 C:\Users\tux\OneDrive\Documents\WEB\BrainstormCommunityForum\vendor\swiftmailer\swiftmailer\lib\classes\Swift\Mailer.php(65): Swift_Transport_SendmailTransport->start()
#4 C:\Users\tux\OneDrive\Documents\WEB\BrainstormCommunityForum\vendor\illuminate\mail\Mailer.php(521): Swift_Mailer->send(Object(Swift_Message), Array)
#5 C:\Users\tux\OneDrive\Documents\WEB\BrainstormCommunityForum\vendor\illuminate\mail\Mailer.php(288): Illuminate\Mail\Mailer->sendSwiftMessage(Object(Swift_Message))
#6 C:\Users\tux\OneDrive\Documents\WEB\BrainstormCommunityForum\vendor\illuminate\mail\Mailer.php(212): Illuminate\Mail\Mailer->send(NULL, Array, Object(Closure))
#7 C:\Users\tux\OneDrive\Documents\WEB\BrainstormCommunityForum\vendor\flarum\core\src\Mail\Job\SendRawEmailJob.php(31): Illuminate\Mail\Mailer->raw('Hey nunofonseca...', Object(Closure))
#8 C:\Users\tux\OneDrive\Documents\WEB\BrainstormCommunityForum\vendor\illuminate\container\BoundMethod.php(36): Flarum\Mail\Job\SendRawEmailJob->handle(Object(Illuminate\Mail\Mailer))
#9 C:\Users\tux\OneDrive\Documents\WEB\BrainstormCommunityForum\vendor\illuminate\container\Util.php(40): Illuminate\Container\BoundMethod::Illuminate\Container\{closure}()
#10 C:\Users\tux\OneDrive\Documents\WEB\BrainstormCommunityForum\vendor\illuminate\container\BoundMethod.php(93): Illuminate\Container\Util::unwrapIfClosure(Object(Closure))
#11 C:\Users\tux\OneDrive\Documents\WEB\BrainstormCommunityForum\vendor\illuminate\container\BoundMethod.php(35): Illuminate\Container\BoundMethod::callBoundMethod(Object(Illuminate\Container\Container), Array, Object(Closure))
#12 C:\Users\tux\OneDrive\Documents\WEB\BrainstormCommunityForum\vendor\illuminate\container\Container.php(653): Illuminate\Container\BoundMethod::call(Object(Illuminate\Container\Container), Array, Array, NULL)
#13 C:\Users\tux\OneDrive\Documents\WEB\BrainstormCommunityForum\vendor\illuminate\bus\Dispatcher.php(128): Illuminate\Container\Container->call(Array)
#14 C:\Users\tux\OneDrive\Documents\WEB\BrainstormCommunityForum\vendor\illuminate\pipeline\Pipeline.php(128): Illuminate\Bus\Dispatcher->Illuminate\Bus\{closure}(Object(Flarum\Mail\Job\SendRawEmailJob))
#15 C:\Users\tux\OneDrive\Documents\WEB\BrainstormCommunityForum\vendor\illuminate\pipeline\Pipeline.php(103): Illuminate\Pipeline\Pipeline->Illuminate\Pipeline\{closure}(Object(Flarum\Mail\Job\SendRawEmailJob))
#16 C:\Users\tux\OneDrive\Documents\WEB\BrainstormCommunityForum\vendor\illuminate\bus\Dispatcher.php(132): Illuminate\Pipeline\Pipeline->then(Object(Closure))
#17 C:\Users\tux\OneDrive\Documents\WEB\BrainstormCommunityForum\vendor\illuminate\queue\CallQueuedHandler.php(119): Illuminate\Bus\Dispatcher->dispatchNow(Object(Flarum\Mail\Job\SendRawEmailJob), false)
#18 C:\Users\tux\OneDrive\Documents\WEB\BrainstormCommunityForum\vendor\illuminate\pipeline\Pipeline.php(128): Illuminate\Queue\CallQueuedHandler->Illuminate\Queue\{closure}(Object(Flarum\Mail\Job\SendRawEmailJob))
#19 C:\Users\tux\OneDrive\Documents\WEB\BrainstormCommunityForum\vendor\illuminate\pipeline\Pipeline.php(103): Illuminate\Pipeline\Pipeline->Illuminate\Pipeline\{closure}(Object(Flarum\Mail\Job\SendRawEmailJob))
#20 C:\Users\tux\OneDrive\Documents\WEB\BrainstormCommunityForum\vendor\illuminate\queue\CallQueuedHandler.php(118): Illuminate\Pipeline\Pipeline->then(Object(Closure))
#21 C:\Users\tux\OneDrive\Documents\WEB\BrainstormCommunityForum\vendor\illuminate\queue\CallQueuedHandler.php(70): Illuminate\Queue\CallQueuedHandler->dispatchThroughMiddleware(Object(Illuminate\Queue\Jobs\SyncJob), Object(Flarum\Mail\Job\SendRawEmailJob))
#22 C:\Users\tux\OneDrive\Documents\WEB\BrainstormCommunityForum\vendor\illuminate\queue\Jobs\Job.php(98): Illuminate\Queue\CallQueuedHandler->call(Object(Illuminate\Queue\Jobs\SyncJob), Array)
#23 C:\Users\tux\OneDrive\Documents\WEB\BrainstormCommunityForum\vendor\illuminate\queue\SyncQueue.php(43): Illuminate\Queue\Jobs\Job->fire()
#24 C:\Users\tux\OneDrive\Documents\WEB\BrainstormCommunityForum\vendor\flarum\core\src\User\Job\RequestPasswordResetJob.php(58): Illuminate\Queue\SyncQueue->push(Object(Flarum\Mail\Job\SendRawEmailJob))
#25 C:\Users\tux\OneDrive\Documents\WEB\BrainstormCommunityForum\vendor\illuminate\container\BoundMethod.php(36): Flarum\User\Job\RequestPasswordResetJob->handle(Object(Flarum\Settings\DefaultSettingsRepository), Object(Flarum\Http\UrlGenerator), Object(Flarum\Locale\Translator), Object(Flarum\User\UserRepository), Object(Illuminate\Queue\SyncQueue))
#26 C:\Users\tux\OneDrive\Documents\WEB\BrainstormCommunityForum\vendor\illuminate\container\Util.php(40): Illuminate\Container\BoundMethod::Illuminate\Container\{closure}()
#27 C:\Users\tux\OneDrive\Documents\WEB\BrainstormCommunityForum\vendor\illuminate\container\BoundMethod.php(93): Illuminate\Container\Util::unwrapIfClosure(Object(Closure))
#28 C:\Users\tux\OneDrive\Documents\WEB\BrainstormCommunityForum\vendor\illuminate\container\BoundMethod.php(35): Illuminate\Container\BoundMethod::callBoundMethod(Object(Illuminate\Container\Container), Array, Object(Closure))
#29 C:\Users\tux\OneDrive\Documents\WEB\BrainstormCommunityForum\vendor\illuminate\container\Container.php(653): Illuminate\Container\BoundMethod::call(Object(Illuminate\Container\Container), Array, Array, NULL)
#30 C:\Users\tux\OneDrive\Documents\WEB\BrainstormCommunityForum\vendor\illuminate\bus\Dispatcher.php(128): Illuminate\Container\Container->call(Array)
#31 C:\Users\tux\OneDrive\Documents\WEB\BrainstormCommunityForum\vendor\illuminate\pipeline\Pipeline.php(128): Illuminate\Bus\Dispatcher->Illuminate\Bus\{closure}(Object(Flarum\User\Job\RequestPasswordResetJob))
#32 C:\Users\tux\OneDrive\Documents\WEB\BrainstormCommunityForum\vendor\illuminate\pipeline\Pipeline.php(103): Illuminate\Pipeline\Pipeline->Illuminate\Pipeline\{closure}(Object(Flarum\User\Job\RequestPasswordResetJob))
#33 C:\Users\tux\OneDrive\Documents\WEB\BrainstormCommunityForum\vendor\illuminate\bus\Dispatcher.php(132): Illuminate\Pipeline\Pipeline->then(Object(Closure))
#34 C:\Users\tux\OneDrive\Documents\WEB\BrainstormCommunityForum\vendor\illuminate\queue\CallQueuedHandler.php(119): Illuminate\Bus\Dispatcher->dispatchNow(Object(Flarum\User\Job\RequestPasswordResetJob), false)
#35 C:\Users\tux\OneDrive\Documents\WEB\BrainstormCommunityForum\vendor\illuminate\pipeline\Pipeline.php(128): Illuminate\Queue\CallQueuedHandler->Illuminate\Queue\{closure}(Object(Flarum\User\Job\RequestPasswordResetJob))
#36 C:\Users\tux\OneDrive\Documents\WEB\BrainstormCommunityForum\vendor\illuminate\pipeline\Pipeline.php(103): Illuminate\Pipeline\Pipeline->Illuminate\Pipeline\{closure}(Object(Flarum\User\Job\RequestPasswordResetJob))
#37 C:\Users\tux\OneDrive\Documents\WEB\BrainstormCommunityForum\vendor\illuminate\queue\CallQueuedHandler.php(118): Illuminate\Pipeline\Pipeline->then(Object(Closure))
#38 C:\Users\tux\OneDrive\Documents\WEB\BrainstormCommunityForum\vendor\illuminate\queue\CallQueuedHandler.php(70): Illuminate\Queue\CallQueuedHandler->dispatchThroughMiddleware(Object(Illuminate\Queue\Jobs\SyncJob), Object(Flarum\User\Job\RequestPasswordResetJob))
#39 C:\Users\tux\OneDrive\Documents\WEB\BrainstormCommunityForum\vendor\illuminate\queue\Jobs\Job.php(98): Illuminate\Queue\CallQueuedHandler->call(Object(Illuminate\Queue\Jobs\SyncJob), Array)
#40 C:\Users\tux\OneDrive\Documents\WEB\BrainstormCommunityForum\vendor\illuminate\queue\SyncQueue.php(43): Illuminate\Queue\Jobs\Job->fire()
#41 C:\Users\tux\OneDrive\Documents\WEB\BrainstormCommunityForum\vendor\flarum\core\src\Api\Controller\ForgotPasswordController.php(52): Illuminate\Queue\SyncQueue->push(Object(Flarum\User\Job\RequestPasswordResetJob))
#42 C:\Users\tux\OneDrive\Documents\WEB\BrainstormCommunityForum\vendor\flarum\core\src\Http\RouteHandlerFactory.php(41): Flarum\Api\Controller\ForgotPasswordController->handle(Object(Laminas\Diactoros\ServerRequest))
#43 C:\Users\tux\OneDrive\Documents\WEB\BrainstormCommunityForum\vendor\flarum\core\src\Http\Middleware\ExecuteRoute.php(27): Flarum\Http\RouteHandlerFactory->Flarum\Http\{closure}(Object(Laminas\Diactoros\ServerRequest), Array)
#44 C:\Users\tux\OneDrive\Documents\WEB\BrainstormCommunityForum\vendor\laminas\laminas-stratigility\src\Next.php(49): Flarum\Http\Middleware\ExecuteRoute->process(Object(Laminas\Diactoros\ServerRequest), Object(Closure))
#45 C:\Users\tux\OneDrive\Documents\WEB\BrainstormCommunityForum\vendor\flarum\core\src\Api\Middleware\ThrottleApi.php(33): Laminas\Stratigility\Next->handle(Object(Laminas\Diactoros\ServerRequest))
#46 C:\Users\tux\OneDrive\Documents\WEB\BrainstormCommunityForum\vendor\laminas\laminas-stratigility\src\Next.php(49): Flarum\Api\Middleware\ThrottleApi->process(Object(Laminas\Diactoros\ServerRequest), Object(Laminas\Stratigility\Next))
#47 C:\Users\tux\OneDrive\Documents\WEB\BrainstormCommunityForum\vendor\flarum\core\src\Http\Middleware\CheckCsrfToken.php(44): Laminas\Stratigility\Next->handle(Object(Laminas\Diactoros\ServerRequest))
#48 C:\Users\tux\OneDrive\Documents\WEB\BrainstormCommunityForum\vendor\laminas\laminas-stratigility\src\Next.php(49): Flarum\Http\Middleware\CheckCsrfToken->process(Object(Laminas\Diactoros\ServerRequest), Object(Laminas\Stratigility\Next))
#49 C:\Users\tux\OneDrive\Documents\WEB\BrainstormCommunityForum\vendor\flarum\core\src\Http\Middleware\ResolveRoute.php(69): Laminas\Stratigility\Next->handle(Object(Laminas\Diactoros\ServerRequest))
#50 C:\Users\tux\OneDrive\Documents\WEB\BrainstormCommunityForum\vendor\laminas\laminas-stratigility\src\Next.php(49): Flarum\Http\Middleware\ResolveRoute->process(Object(Laminas\Diactoros\ServerRequest), Object(Laminas\Stratigility\Next))
#51 C:\Users\tux\OneDrive\Documents\WEB\BrainstormCommunityForum\vendor\flarum\core\src\Http\Middleware\SetLocale.php(51): Laminas\Stratigility\Next->handle(Object(Laminas\Diactoros\ServerRequest))
#52 C:\Users\tux\OneDrive\Documents\WEB\BrainstormCommunityForum\vendor\laminas\laminas-stratigility\src\Next.php(49): Flarum\Http\Middleware\SetLocale->process(Object(Laminas\Diactoros\ServerRequest), Object(Laminas\Stratigility\Next))
#53 C:\Users\tux\OneDrive\Documents\WEB\BrainstormCommunityForum\vendor\flarum\core\src\Http\Middleware\AuthenticateWithHeader.php(58): Laminas\Stratigility\Next->handle(Object(Laminas\Diactoros\ServerRequest))
#54 C:\Users\tux\OneDrive\Documents\WEB\BrainstormCommunityForum\vendor\laminas\laminas-stratigility\src\Next.php(49): Flarum\Http\Middleware\AuthenticateWithHeader->process(Object(Laminas\Diactoros\ServerRequest), Object(Laminas\Stratigility\Next))
#55 C:\Users\tux\OneDrive\Documents\WEB\BrainstormCommunityForum\vendor\flarum\core\src\Http\Middleware\AuthenticateWithSession.php(31): Laminas\Stratigility\Next->handle(Object(Laminas\Diactoros\ServerRequest))
#56 C:\Users\tux\OneDrive\Documents\WEB\BrainstormCommunityForum\vendor\laminas\laminas-stratigility\src\Next.php(49): Flarum\Http\Middleware\AuthenticateWithSession->process(Object(Laminas\Diactoros\ServerRequest), Object(Laminas\Stratigility\Next))
#57 C:\Users\tux\OneDrive\Documents\WEB\BrainstormCommunityForum\vendor\flarum\core\src\Http\Middleware\RememberFromCookie.php(52): Laminas\Stratigility\Next->handle(Object(Laminas\Diactoros\ServerRequest))
#58 C:\Users\tux\OneDrive\Documents\WEB\BrainstormCommunityForum\vendor\laminas\laminas-stratigility\src\Next.php(49): Flarum\Http\Middleware\RememberFromCookie->process(Object(Laminas\Diactoros\ServerRequest), Object(Laminas\Stratigility\Next))
#59 C:\Users\tux\OneDrive\Documents\WEB\BrainstormCommunityForum\vendor\flarum\core\src\Http\Middleware\StartSession.php(61): Laminas\Stratigility\Next->handle(Object(Laminas\Diactoros\ServerRequest))
#60 C:\Users\tux\OneDrive\Documents\WEB\BrainstormCommunityForum\vendor\laminas\laminas-stratigility\src\Next.php(49): Flarum\Http\Middleware\StartSession->process(Object(Laminas\Diactoros\ServerRequest), Object(Laminas\Stratigility\Next))
#61 C:\Users\tux\OneDrive\Documents\WEB\BrainstormCommunityForum\vendor\flarum\core\src\Api\Middleware\FakeHttpMethods.php(29): Laminas\Stratigility\Next->handle(Object(Laminas\Diactoros\ServerRequest))
#62 C:\Users\tux\OneDrive\Documents\WEB\BrainstormCommunityForum\vendor\laminas\laminas-stratigility\src\Next.php(49): Flarum\Api\Middleware\FakeHttpMethods->process(Object(Laminas\Diactoros\ServerRequest), Object(Laminas\Stratigility\Next))
#63 C:\Users\tux\OneDrive\Documents\WEB\BrainstormCommunityForum\vendor\flarum\core\src\Http\Middleware\ParseJsonBody.php(28): Laminas\Stratigility\Next->handle(Object(Laminas\Diactoros\ServerRequest))
#64 C:\Users\tux\OneDrive\Documents\WEB\BrainstormCommunityForum\vendor\laminas\laminas-stratigility\src\Next.php(49): Flarum\Http\Middleware\ParseJsonBody->process(Object(Laminas\Diactoros\ServerRequest), Object(Laminas\Stratigility\Next))
#65 C:\Users\tux\OneDrive\Documents\WEB\BrainstormCommunityForum\vendor\flarum\core\src\Http\Middleware\HandleErrors.php(57): Laminas\Stratigility\Next->handle(Object(Laminas\Diactoros\ServerRequest))
#66 C:\Users\tux\OneDrive\Documents\WEB\BrainstormCommunityForum\vendor\laminas\laminas-stratigility\src\Next.php(49): Flarum\Http\Middleware\HandleErrors->process(Object(Laminas\Diactoros\ServerRequest), Object(Laminas\Stratigility\Next))
#67 C:\Users\tux\OneDrive\Documents\WEB\BrainstormCommunityForum\vendor\flarum\core\src\Http\Middleware\InjectActorReference.php(25): Laminas\Stratigility\Next->handle(Object(Laminas\Diactoros\ServerRequest))
#68 C:\Users\tux\OneDrive\Documents\WEB\BrainstormCommunityForum\vendor\laminas\laminas-stratigility\src\Next.php(49): Flarum\Http\Middleware\InjectActorReference->process(Object(Laminas\Diactoros\ServerRequest), Object(Laminas\Stratigility\Next))
#69 C:\Users\tux\OneDrive\Documents\WEB\BrainstormCommunityForum\vendor\laminas\laminas-stratigility\src\MiddlewarePipe.php(75): Laminas\Stratigility\Next->handle(Object(Laminas\Diactoros\ServerRequest))
#70 C:\Users\tux\OneDrive\Documents\WEB\BrainstormCommunityForum\vendor\middlewares\request-handler\src\RequestHandler.php(84): Laminas\Stratigility\MiddlewarePipe->process(Object(Laminas\Diactoros\ServerRequest), Object(Laminas\Stratigility\Next))
#71 C:\Users\tux\OneDrive\Documents\WEB\BrainstormCommunityForum\vendor\laminas\laminas-stratigility\src\Next.php(49): Middlewares\RequestHandler->process(Object(Laminas\Diactoros\ServerRequest), Object(Laminas\Stratigility\Next))
#72 C:\Users\tux\OneDrive\Documents\WEB\BrainstormCommunityForum\vendor\middlewares\base-path-router\src\BasePathRouter.php(99): Laminas\Stratigility\Next->handle(Object(Laminas\Diactoros\ServerRequest))
#73 C:\Users\tux\OneDrive\Documents\WEB\BrainstormCommunityForum\vendor\laminas\laminas-stratigility\src\Next.php(49): Middlewares\BasePathRouter->process(Object(Laminas\Diactoros\ServerRequest), Object(Laminas\Stratigility\Next))
#74 C:\Users\tux\OneDrive\Documents\WEB\BrainstormCommunityForum\vendor\laminas\laminas-stratigility\src\Middleware\OriginalMessages.php(36): Laminas\Stratigility\Next->handle(Object(Laminas\Diactoros\ServerRequest))
#75 C:\Users\tux\OneDrive\Documents\WEB\BrainstormCommunityForum\vendor\laminas\laminas-stratigility\src\Next.php(49): Laminas\Stratigility\Middleware\OriginalMessages->process(Object(Laminas\Diactoros\ServerRequest), Object(Laminas\Stratigility\Next))
#76 C:\Users\tux\OneDrive\Documents\WEB\BrainstormCommunityForum\vendor\middlewares\base-path\src\BasePath.php(73): Laminas\Stratigility\Next->handle(Object(Laminas\Diactoros\ServerRequest))
#77 C:\Users\tux\OneDrive\Documents\WEB\BrainstormCommunityForum\vendor\laminas\laminas-stratigility\src\Next.php(49): Middlewares\BasePath->process(Object(Laminas\Diactoros\ServerRequest), Object(Laminas\Stratigility\Next))
#78 C:\Users\tux\OneDrive\Documents\WEB\BrainstormCommunityForum\vendor\flarum\core\src\Http\Middleware\ProcessIp.php(24): Laminas\Stratigility\Next->handle(Object(Laminas\Diactoros\ServerRequest))
#79 C:\Users\tux\OneDrive\Documents\WEB\BrainstormCommunityForum\vendor\laminas\laminas-stratigility\src\Next.php(49): Flarum\Http\Middleware\ProcessIp->process(Object(Laminas\Diactoros\ServerRequest), Object(Laminas\Stratigility\Next))
#80 C:\Users\tux\OneDrive\Documents\WEB\BrainstormCommunityForum\vendor\laminas\laminas-stratigility\src\MiddlewarePipe.php(75): Laminas\Stratigility\Next->handle(Object(Laminas\Diactoros\ServerRequest))
#81 C:\Users\tux\OneDrive\Documents\WEB\BrainstormCommunityForum\vendor\laminas\laminas-stratigility\src\MiddlewarePipe.php(64): Laminas\Stratigility\MiddlewarePipe->process(Object(Laminas\Diactoros\ServerRequest), Object(Laminas\Stratigility\EmptyPipelineHandler))
#82 C:\Users\tux\OneDrive\Documents\WEB\BrainstormCommunityForum\vendor\laminas\laminas-httphandlerrunner\src\RequestHandlerRunner.php(73): Laminas\Stratigility\MiddlewarePipe->handle(Object(Laminas\Diactoros\ServerRequest))
#83 C:\Users\tux\OneDrive\Documents\WEB\BrainstormCommunityForum\vendor\flarum\core\src\Http\Server.php(45): Laminas\HttpHandlerRunner\RequestHandlerRunner->run()
#84 C:\Users\tux\OneDrive\Documents\WEB\BrainstormCommunityForum\public\index.php(26): Flarum\Http\Server->listen()
#85 {main}  
[2023-03-11 15:11:33] flarum.ERROR: Swift_TransportException: Process could not be started [The system cannot find the path specified.
] in C:\Users\tux\OneDrive\Documents\WEB\BrainstormCommunityForum\vendor\swiftmailer\swiftmailer\lib\classes\Swift\Transport\StreamBuffer.php:294
Stack trace:
#0 C:\Users\tux\OneDrive\Documents\WEB\BrainstormCommunityForum\vendor\swiftmailer\swiftmailer\lib\classes\Swift\Transport\StreamBuffer.php(54): Swift_Transport_StreamBuffer->establishProcessConnection()
#1 C:\Users\tux\OneDrive\Documents\WEB\BrainstormCommunityForum\vendor\swiftmailer\swiftmailer\lib\classes\Swift\Transport\AbstractSmtpTransport.php(143): Swift_Transport_StreamBuffer->initialize(Array)
#2 C:\Users\tux\OneDrive\Documents\WEB\BrainstormCommunityForum\vendor\swiftmailer\swiftmailer\lib\classes\Swift\Transport\SendmailTransport.php(50): Swift_Transport_AbstractSmtpTransport->start()
#3 C:\Users\tux\OneDrive\Documents\WEB\BrainstormCommunityForum\vendor\swiftmailer\swiftmailer\lib\classes\Swift\Mailer.php(65): Swift_Transport_SendmailTransport->start()
#4 C:\Users\tux\OneDrive\Documents\WEB\BrainstormCommunityForum\vendor\illuminate\mail\Mailer.php(521): Swift_Mailer->send(Object(Swift_Message), Array)
#5 C:\Users\tux\OneDrive\Documents\WEB\BrainstormCommunityForum\vendor\illuminate\mail\Mailer.php(288): Illuminate\Mail\Mailer->sendSwiftMessage(Object(Swift_Message))
#6 C:\Users\tux\OneDrive\Documents\WEB\BrainstormCommunityForum\vendor\illuminate\mail\Mailer.php(212): Illuminate\Mail\Mailer->send(NULL, Array, Object(Closure))
#7 C:\Users\tux\OneDrive\Documents\WEB\BrainstormCommunityForum\vendor\flarum\core\src\Mail\Job\SendRawEmailJob.php(31): Illuminate\Mail\Mailer->raw('Hey nunofonseca...', Object(Closure))
#8 C:\Users\tux\OneDrive\Documents\WEB\BrainstormCommunityForum\vendor\illuminate\container\BoundMethod.php(36): Flarum\Mail\Job\SendRawEmailJob->handle(Object(Illuminate\Mail\Mailer))
#9 C:\Users\tux\OneDrive\Documents\WEB\BrainstormCommunityForum\vendor\illuminate\container\Util.php(40): Illuminate\Container\BoundMethod::Illuminate\Container\{closure}()
#10 C:\Users\tux\OneDrive\Documents\WEB\BrainstormCommunityForum\vendor\illuminate\container\BoundMethod.php(93): Illuminate\Container\Util::unwrapIfClosure(Object(Closure))
#11 C:\Users\tux\OneDrive\Documents\WEB\BrainstormCommunityForum\vendor\illuminate\container\BoundMethod.php(35): Illuminate\Container\BoundMethod::callBoundMethod(Object(Illuminate\Container\Container), Array, Object(Closure))
#12 C:\Users\tux\OneDrive\Documents\WEB\BrainstormCommunityForum\vendor\illuminate\container\Container.php(653): Illuminate\Container\BoundMethod::call(Object(Illuminate\Container\Container), Array, Array, NULL)
#13 C:\Users\tux\OneDrive\Documents\WEB\BrainstormCommunityForum\vendor\illuminate\bus\Dispatcher.php(128): Illuminate\Container\Container->call(Array)
#14 C:\Users\tux\OneDrive\Documents\WEB\BrainstormCommunityForum\vendor\illuminate\pipeline\Pipeline.php(128): Illuminate\Bus\Dispatcher->Illuminate\Bus\{closure}(Object(Flarum\Mail\Job\SendRawEmailJob))
#15 C:\Users\tux\OneDrive\Documents\WEB\BrainstormCommunityForum\vendor\illuminate\pipeline\Pipeline.php(103): Illuminate\Pipeline\Pipeline->Illuminate\Pipeline\{closure}(Object(Flarum\Mail\Job\SendRawEmailJob))
#16 C:\Users\tux\OneDrive\Documents\WEB\BrainstormCommunityForum\vendor\illuminate\bus\Dispatcher.php(132): Illuminate\Pipeline\Pipeline->then(Object(Closure))
#17 C:\Users\tux\OneDrive\Documents\WEB\BrainstormCommunityForum\vendor\illuminate\queue\CallQueuedHandler.php(119): Illuminate\Bus\Dispatcher->dispatchNow(Object(Flarum\Mail\Job\SendRawEmailJob), false)
#18 C:\Users\tux\OneDrive\Documents\WEB\BrainstormCommunityForum\vendor\illuminate\pipeline\Pipeline.php(128): Illuminate\Queue\CallQueuedHandler->Illuminate\Queue\{closure}(Object(Flarum\Mail\Job\SendRawEmailJob))
#19 C:\Users\tux\OneDrive\Documents\WEB\BrainstormCommunityForum\vendor\illuminate\pipeline\Pipeline.php(103): Illuminate\Pipeline\Pipeline->Illuminate\Pipeline\{closure}(Object(Flarum\Mail\Job\SendRawEmailJob))
#20 C:\Users\tux\OneDrive\Documents\WEB\BrainstormCommunityForum\vendor\illuminate\queue\CallQueuedHandler.php(118): Illuminate\Pipeline\Pipeline->then(Object(Closure))
#21 C:\Users\tux\OneDrive\Documents\WEB\BrainstormCommunityForum\vendor\illuminate\queue\CallQueuedHandler.php(70): Illuminate\Queue\CallQueuedHandler->dispatchThroughMiddleware(Object(Illuminate\Queue\Jobs\SyncJob), Object(Flarum\Mail\Job\SendRawEmailJob))
#22 C:\Users\tux\OneDrive\Documents\WEB\BrainstormCommunityForum\vendor\illuminate\queue\Jobs\Job.php(98): Illuminate\Queue\CallQueuedHandler->call(Object(Illuminate\Queue\Jobs\SyncJob), Array)
#23 C:\Users\tux\OneDrive\Documents\WEB\BrainstormCommunityForum\vendor\illuminate\queue\SyncQueue.php(43): Illuminate\Queue\Jobs\Job->fire()
#24 C:\Users\tux\OneDrive\Documents\WEB\BrainstormCommunityForum\vendor\flarum\core\src\User\Job\RequestPasswordResetJob.php(58): Illuminate\Queue\SyncQueue->push(Object(Flarum\Mail\Job\SendRawEmailJob))
#25 C:\Users\tux\OneDrive\Documents\WEB\BrainstormCommunityForum\vendor\illuminate\container\BoundMethod.php(36): Flarum\User\Job\RequestPasswordResetJob->handle(Object(Flarum\Settings\DefaultSettingsRepository), Object(Flarum\Http\UrlGenerator), Object(Flarum\Locale\Translator), Object(Flarum\User\UserRepository), Object(Illuminate\Queue\SyncQueue))
#26 C:\Users\tux\OneDrive\Documents\WEB\BrainstormCommunityForum\vendor\illuminate\container\Util.php(40): Illuminate\Container\BoundMethod::Illuminate\Container\{closure}()
#27 C:\Users\tux\OneDrive\Documents\WEB\BrainstormCommunityForum\vendor\illuminate\container\BoundMethod.php(93): Illuminate\Container\Util::unwrapIfClosure(Object(Closure))
#28 C:\Users\tux\OneDrive\Documents\WEB\BrainstormCommunityForum\vendor\illuminate\container\BoundMethod.php(35): Illuminate\Container\BoundMethod::callBoundMethod(Object(Illuminate\Container\Container), Array, Object(Closure))
#29 C:\Users\tux\OneDrive\Documents\WEB\BrainstormCommunityForum\vendor\illuminate\container\Container.php(653): Illuminate\Container\BoundMethod::call(Object(Illuminate\Container\Container), Array, Array, NULL)
#30 C:\Users\tux\OneDrive\Documents\WEB\BrainstormCommunityForum\vendor\illuminate\bus\Dispatcher.php(128): Illuminate\Container\Container->call(Array)
#31 C:\Users\tux\OneDrive\Documents\WEB\BrainstormCommunityForum\vendor\illuminate\pipeline\Pipeline.php(128): Illuminate\Bus\Dispatcher->Illuminate\Bus\{closure}(Object(Flarum\User\Job\RequestPasswordResetJob))
#32 C:\Users\tux\OneDrive\Documents\WEB\BrainstormCommunityForum\vendor\illuminate\pipeline\Pipeline.php(103): Illuminate\Pipeline\Pipeline->Illuminate\Pipeline\{closure}(Object(Flarum\User\Job\RequestPasswordResetJob))
#33 C:\Users\tux\OneDrive\Documents\WEB\BrainstormCommunityForum\vendor\illuminate\bus\Dispatcher.php(132): Illuminate\Pipeline\Pipeline->then(Object(Closure))
#34 C:\Users\tux\OneDrive\Documents\WEB\BrainstormCommunityForum\vendor\illuminate\queue\CallQueuedHandler.php(119): Illuminate\Bus\Dispatcher->dispatchNow(Object(Flarum\User\Job\RequestPasswordResetJob), false)
#35 C:\Users\tux\OneDrive\Documents\WEB\BrainstormCommunityForum\vendor\illuminate\pipeline\Pipeline.php(128): Illuminate\Queue\CallQueuedHandler->Illuminate\Queue\{closure}(Object(Flarum\User\Job\RequestPasswordResetJob))
#36 C:\Users\tux\OneDrive\Documents\WEB\BrainstormCommunityForum\vendor\illuminate\pipeline\Pipeline.php(103): Illuminate\Pipeline\Pipeline->Illuminate\Pipeline\{closure}(Object(Flarum\User\Job\RequestPasswordResetJob))
#37 C:\Users\tux\OneDrive\Documents\WEB\BrainstormCommunityForum\vendor\illuminate\queue\CallQueuedHandler.php(118): Illuminate\Pipeline\Pipeline->then(Object(Closure))
#38 C:\Users\tux\OneDrive\Documents\WEB\BrainstormCommunityForum\vendor\illuminate\queue\CallQueuedHandler.php(70): Illuminate\Queue\CallQueuedHandler->dispatchThroughMiddleware(Object(Illuminate\Queue\Jobs\SyncJob), Object(Flarum\User\Job\RequestPasswordResetJob))
#39 C:\Users\tux\OneDrive\Documents\WEB\BrainstormCommunityForum\vendor\illuminate\queue\Jobs\Job.php(98): Illuminate\Queue\CallQueuedHandler->call(Object(Illuminate\Queue\Jobs\SyncJob), Array)
#40 C:\Users\tux\OneDrive\Documents\WEB\BrainstormCommunityForum\vendor\illuminate\queue\SyncQueue.php(43): Illuminate\Queue\Jobs\Job->fire()
#41 C:\Users\tux\OneDrive\Documents\WEB\BrainstormCommunityForum\vendor\flarum\core\src\Api\Controller\ForgotPasswordController.php(52): Illuminate\Queue\SyncQueue->push(Object(Flarum\User\Job\RequestPasswordResetJob))
#42 C:\Users\tux\OneDrive\Documents\WEB\BrainstormCommunityForum\vendor\flarum\core\src\Http\RouteHandlerFactory.php(41): Flarum\Api\Controller\ForgotPasswordController->handle(Object(Laminas\Diactoros\ServerRequest))
#43 C:\Users\tux\OneDrive\Documents\WEB\BrainstormCommunityForum\vendor\flarum\core\src\Http\Middleware\ExecuteRoute.php(27): Flarum\Http\RouteHandlerFactory->Flarum\Http\{closure}(Object(Laminas\Diactoros\ServerRequest), Array)
#44 C:\Users\tux\OneDrive\Documents\WEB\BrainstormCommunityForum\vendor\laminas\laminas-stratigility\src\Next.php(49): Flarum\Http\Middleware\ExecuteRoute->process(Object(Laminas\Diactoros\ServerRequest), Object(Closure))
#45 C:\Users\tux\OneDrive\Documents\WEB\BrainstormCommunityForum\vendor\flarum\core\src\Api\Middleware\ThrottleApi.php(33): Laminas\Stratigility\Next->handle(Object(Laminas\Diactoros\ServerRequest))
#46 C:\Users\tux\OneDrive\Documents\WEB\BrainstormCommunityForum\vendor\laminas\laminas-stratigility\src\Next.php(49): Flarum\Api\Middleware\ThrottleApi->process(Object(Laminas\Diactoros\ServerRequest), Object(Laminas\Stratigility\Next))
#47 C:\Users\tux\OneDrive\Documents\WEB\BrainstormCommunityForum\vendor\flarum\core\src\Http\Middleware\CheckCsrfToken.php(44): Laminas\Stratigility\Next->handle(Object(Laminas\Diactoros\ServerRequest))
#48 C:\Users\tux\OneDrive\Documents\WEB\BrainstormCommunityForum\vendor\laminas\laminas-stratigility\src\Next.php(49): Flarum\Http\Middleware\CheckCsrfToken->process(Object(Laminas\Diactoros\ServerRequest), Object(Laminas\Stratigility\Next))
#49 C:\Users\tux\OneDrive\Documents\WEB\BrainstormCommunityForum\vendor\flarum\core\src\Http\Middleware\ResolveRoute.php(69): Laminas\Stratigility\Next->handle(Object(Laminas\Diactoros\ServerRequest))
#50 C:\Users\tux\OneDrive\Documents\WEB\BrainstormCommunityForum\vendor\laminas\laminas-stratigility\src\Next.php(49): Flarum\Http\Middleware\ResolveRoute->process(Object(Laminas\Diactoros\ServerRequest), Object(Laminas\Stratigility\Next))
#51 C:\Users\tux\OneDrive\Documents\WEB\BrainstormCommunityForum\vendor\flarum\core\src\Http\Middleware\SetLocale.php(51): Laminas\Stratigility\Next->handle(Object(Laminas\Diactoros\ServerRequest))
#52 C:\Users\tux\OneDrive\Documents\WEB\BrainstormCommunityForum\vendor\laminas\laminas-stratigility\src\Next.php(49): Flarum\Http\Middleware\SetLocale->process(Object(Laminas\Diactoros\ServerRequest), Object(Laminas\Stratigility\Next))
#53 C:\Users\tux\OneDrive\Documents\WEB\BrainstormCommunityForum\vendor\flarum\core\src\Http\Middleware\AuthenticateWithHeader.php(58): Laminas\Stratigility\Next->handle(Object(Laminas\Diactoros\ServerRequest))
#54 C:\Users\tux\OneDrive\Documents\WEB\BrainstormCommunityForum\vendor\laminas\laminas-stratigility\src\Next.php(49): Flarum\Http\Middleware\AuthenticateWithHeader->process(Object(Laminas\Diactoros\ServerRequest), Object(Laminas\Stratigility\Next))
#55 C:\Users\tux\OneDrive\Documents\WEB\BrainstormCommunityForum\vendor\flarum\core\src\Http\Middleware\AuthenticateWithSession.php(31): Laminas\Stratigility\Next->handle(Object(Laminas\Diactoros\ServerRequest))
#56 C:\Users\tux\OneDrive\Documents\WEB\BrainstormCommunityForum\vendor\laminas\laminas-stratigility\src\Next.php(49): Flarum\Http\Middleware\AuthenticateWithSession->process(Object(Laminas\Diactoros\ServerRequest), Object(Laminas\Stratigility\Next))
#57 C:\Users\tux\OneDrive\Documents\WEB\BrainstormCommunityForum\vendor\flarum\core\src\Http\Middleware\RememberFromCookie.php(52): Laminas\Stratigility\Next->handle(Object(Laminas\Diactoros\ServerRequest))
#58 C:\Users\tux\OneDrive\Documents\WEB\BrainstormCommunityForum\vendor\laminas\laminas-stratigility\src\Next.php(49): Flarum\Http\Middleware\RememberFromCookie->process(Object(Laminas\Diactoros\ServerRequest), Object(Laminas\Stratigility\Next))
#59 C:\Users\tux\OneDrive\Documents\WEB\BrainstormCommunityForum\vendor\flarum\core\src\Http\Middleware\StartSession.php(61): Laminas\Stratigility\Next->handle(Object(Laminas\Diactoros\ServerRequest))
#60 C:\Users\tux\OneDrive\Documents\WEB\BrainstormCommunityForum\vendor\laminas\laminas-stratigility\src\Next.php(49): Flarum\Http\Middleware\StartSession->process(Object(Laminas\Diactoros\ServerRequest), Object(Laminas\Stratigility\Next))
#61 C:\Users\tux\OneDrive\Documents\WEB\BrainstormCommunityForum\vendor\flarum\core\src\Api\Middleware\FakeHttpMethods.php(29): Laminas\Stratigility\Next->handle(Object(Laminas\Diactoros\ServerRequest))
#62 C:\Users\tux\OneDrive\Documents\WEB\BrainstormCommunityForum\vendor\laminas\laminas-stratigility\src\Next.php(49): Flarum\Api\Middleware\FakeHttpMethods->process(Object(Laminas\Diactoros\ServerRequest), Object(Laminas\Stratigility\Next))
#63 C:\Users\tux\OneDrive\Documents\WEB\BrainstormCommunityForum\vendor\flarum\core\src\Http\Middleware\ParseJsonBody.php(28): Laminas\Stratigility\Next->handle(Object(Laminas\Diactoros\ServerRequest))
#64 C:\Users\tux\OneDrive\Documents\WEB\BrainstormCommunityForum\vendor\laminas\laminas-stratigility\src\Next.php(49): Flarum\Http\Middleware\ParseJsonBody->process(Object(Laminas\Diactoros\ServerRequest), Object(Laminas\Stratigility\Next))
#65 C:\Users\tux\OneDrive\Documents\WEB\BrainstormCommunityForum\vendor\flarum\core\src\Http\Middleware\HandleErrors.php(57): Laminas\Stratigility\Next->handle(Object(Laminas\Diactoros\ServerRequest))
#66 C:\Users\tux\OneDrive\Documents\WEB\BrainstormCommunityForum\vendor\laminas\laminas-stratigility\src\Next.php(49): Flarum\Http\Middleware\HandleErrors->process(Object(Laminas\Diactoros\ServerRequest), Object(Laminas\Stratigility\Next))
#67 C:\Users\tux\OneDrive\Documents\WEB\BrainstormCommunityForum\vendor\flarum\core\src\Http\Middleware\InjectActorReference.php(25): Laminas\Stratigility\Next->handle(Object(Laminas\Diactoros\ServerRequest))
#68 C:\Users\tux\OneDrive\Documents\WEB\BrainstormCommunityForum\vendor\laminas\laminas-stratigility\src\Next.php(49): Flarum\Http\Middleware\InjectActorReference->process(Object(Laminas\Diactoros\ServerRequest), Object(Laminas\Stratigility\Next))
#69 C:\Users\tux\OneDrive\Documents\WEB\BrainstormCommunityForum\vendor\laminas\laminas-stratigility\src\MiddlewarePipe.php(75): Laminas\Stratigility\Next->handle(Object(Laminas\Diactoros\ServerRequest))
#70 C:\Users\tux\OneDrive\Documents\WEB\BrainstormCommunityForum\vendor\middlewares\request-handler\src\RequestHandler.php(84): Laminas\Stratigility\MiddlewarePipe->process(Object(Laminas\Diactoros\ServerRequest), Object(Laminas\Stratigility\Next))
#71 C:\Users\tux\OneDrive\Documents\WEB\BrainstormCommunityForum\vendor\laminas\laminas-stratigility\src\Next.php(49): Middlewares\RequestHandler->process(Object(Laminas\Diactoros\ServerRequest), Object(Laminas\Stratigility\Next))
#72 C:\Users\tux\OneDrive\Documents\WEB\BrainstormCommunityForum\vendor\middlewares\base-path-router\src\BasePathRouter.php(99): Laminas\Stratigility\Next->handle(Object(Laminas\Diactoros\ServerRequest))
#73 C:\Users\tux\OneDrive\Documents\WEB\BrainstormCommunityForum\vendor\laminas\laminas-stratigility\src\Next.php(49): Middlewares\BasePathRouter->process(Object(Laminas\Diactoros\ServerRequest), Object(Laminas\Stratigility\Next))
#74 C:\Users\tux\OneDrive\Documents\WEB\BrainstormCommunityForum\vendor\laminas\laminas-stratigility\src\Middleware\OriginalMessages.php(36): Laminas\Stratigility\Next->handle(Object(Laminas\Diactoros\ServerRequest))
#75 C:\Users\tux\OneDrive\Documents\WEB\BrainstormCommunityForum\vendor\laminas\laminas-stratigility\src\Next.php(49): Laminas\Stratigility\Middleware\OriginalMessages->process(Object(Laminas\Diactoros\ServerRequest), Object(Laminas\Stratigility\Next))
#76 C:\Users\tux\OneDrive\Documents\WEB\BrainstormCommunityForum\vendor\middlewares\base-path\src\BasePath.php(73): Laminas\Stratigility\Next->handle(Object(Laminas\Diactoros\ServerRequest))
#77 C:\Users\tux\OneDrive\Documents\WEB\BrainstormCommunityForum\vendor\laminas\laminas-stratigility\src\Next.php(49): Middlewares\BasePath->process(Object(Laminas\Diactoros\ServerRequest), Object(Laminas\Stratigility\Next))
#78 C:\Users\tux\OneDrive\Documents\WEB\BrainstormCommunityForum\vendor\flarum\core\src\Http\Middleware\ProcessIp.php(24): Laminas\Stratigility\Next->handle(Object(Laminas\Diactoros\ServerRequest))
#79 C:\Users\tux\OneDrive\Documents\WEB\BrainstormCommunityForum\vendor\laminas\laminas-stratigility\src\Next.php(49): Flarum\Http\Middleware\ProcessIp->process(Object(Laminas\Diactoros\ServerRequest), Object(Laminas\Stratigility\Next))
#80 C:\Users\tux\OneDrive\Documents\WEB\BrainstormCommunityForum\vendor\laminas\laminas-stratigility\src\MiddlewarePipe.php(75): Laminas\Stratigility\Next->handle(Object(Laminas\Diactoros\ServerRequest))
#81 C:\Users\tux\OneDrive\Documents\WEB\BrainstormCommunityForum\vendor\laminas\laminas-stratigility\src\MiddlewarePipe.php(64): Laminas\Stratigility\MiddlewarePipe->process(Object(Laminas\Diactoros\ServerRequest), Object(Laminas\Stratigility\EmptyPipelineHandler))
#82 C:\Users\tux\OneDrive\Documents\WEB\BrainstormCommunityForum\vendor\laminas\laminas-httphandlerrunner\src\RequestHandlerRunner.php(73): Laminas\Stratigility\MiddlewarePipe->handle(Object(Laminas\Diactoros\ServerRequest))
#83 C:\Users\tux\OneDrive\Documents\WEB\BrainstormCommunityForum\vendor\flarum\core\src\Http\Server.php(45): Laminas\HttpHandlerRunner\RequestHandlerRunner->run()
#84 C:\Users\tux\OneDrive\Documents\WEB\BrainstormCommunityForum\public\index.php(26): Flarum\Http\Server->listen()
#85 {main}  
[2023-03-11 15:12:30] flarum.ERROR: Swift_TransportException: Process could not be started [The system cannot find the path specified.
] in C:\Users\tux\OneDrive\Documents\WEB\BrainstormCommunityForum\vendor\swiftmailer\swiftmailer\lib\classes\Swift\Transport\StreamBuffer.php:294
Stack trace:
#0 C:\Users\tux\OneDrive\Documents\WEB\BrainstormCommunityForum\vendor\swiftmailer\swiftmailer\lib\classes\Swift\Transport\StreamBuffer.php(54): Swift_Transport_StreamBuffer->establishProcessConnection()
#1 C:\Users\tux\OneDrive\Documents\WEB\BrainstormCommunityForum\vendor\swiftmailer\swiftmailer\lib\classes\Swift\Transport\AbstractSmtpTransport.php(143): Swift_Transport_StreamBuffer->initialize(Array)
#2 C:\Users\tux\OneDrive\Documents\WEB\BrainstormCommunityForum\vendor\swiftmailer\swiftmailer\lib\classes\Swift\Transport\SendmailTransport.php(50): Swift_Transport_AbstractSmtpTransport->start()
#3 C:\Users\tux\OneDrive\Documents\WEB\BrainstormCommunityForum\vendor\swiftmailer\swiftmailer\lib\classes\Swift\Mailer.php(65): Swift_Transport_SendmailTransport->start()
#4 C:\Users\tux\OneDrive\Documents\WEB\BrainstormCommunityForum\vendor\illuminate\mail\Mailer.php(521): Swift_Mailer->send(Object(Swift_Message), Array)
#5 C:\Users\tux\OneDrive\Documents\WEB\BrainstormCommunityForum\vendor\illuminate\mail\Mailer.php(288): Illuminate\Mail\Mailer->sendSwiftMessage(Object(Swift_Message))
#6 C:\Users\tux\OneDrive\Documents\WEB\BrainstormCommunityForum\vendor\illuminate\mail\Mailer.php(212): Illuminate\Mail\Mailer->send(NULL, Array, Object(Closure))
#7 C:\Users\tux\OneDrive\Documents\WEB\BrainstormCommunityForum\vendor\flarum\core\src\Api\Controller\SendTestMailController.php(40): Illuminate\Mail\Mailer->raw('Hey nunofonseca...', Object(Closure))
#8 C:\Users\tux\OneDrive\Documents\WEB\BrainstormCommunityForum\vendor\flarum\core\src\Http\RouteHandlerFactory.php(41): Flarum\Api\Controller\SendTestMailController->handle(Object(Laminas\Diactoros\ServerRequest))
#9 C:\Users\tux\OneDrive\Documents\WEB\BrainstormCommunityForum\vendor\flarum\core\src\Http\Middleware\ExecuteRoute.php(27): Flarum\Http\RouteHandlerFactory->Flarum\Http\{closure}(Object(Laminas\Diactoros\ServerRequest), Array)
#10 C:\Users\tux\OneDrive\Documents\WEB\BrainstormCommunityForum\vendor\laminas\laminas-stratigility\src\Next.php(49): Flarum\Http\Middleware\ExecuteRoute->process(Object(Laminas\Diactoros\ServerRequest), Object(Closure))
#11 C:\Users\tux\OneDrive\Documents\WEB\BrainstormCommunityForum\vendor\flarum\core\src\Api\Middleware\ThrottleApi.php(33): Laminas\Stratigility\Next->handle(Object(Laminas\Diactoros\ServerRequest))
#12 C:\Users\tux\OneDrive\Documents\WEB\BrainstormCommunityForum\vendor\laminas\laminas-stratigility\src\Next.php(49): Flarum\Api\Middleware\ThrottleApi->process(Object(Laminas\Diactoros\ServerRequest), Object(Laminas\Stratigility\Next))
#13 C:\Users\tux\OneDrive\Documents\WEB\BrainstormCommunityForum\vendor\flarum\core\src\Http\Middleware\CheckCsrfToken.php(44): Laminas\Stratigility\Next->handle(Object(Laminas\Diactoros\ServerRequest))
#14 C:\Users\tux\OneDrive\Documents\WEB\BrainstormCommunityForum\vendor\laminas\laminas-stratigility\src\Next.php(49): Flarum\Http\Middleware\CheckCsrfToken->process(Object(Laminas\Diactoros\ServerRequest), Object(Laminas\Stratigility\Next))
#15 C:\Users\tux\OneDrive\Documents\WEB\BrainstormCommunityForum\vendor\flarum\core\src\Http\Middleware\ResolveRoute.php(69): Laminas\Stratigility\Next->handle(Object(Laminas\Diactoros\ServerRequest))
#16 C:\Users\tux\OneDrive\Documents\WEB\BrainstormCommunityForum\vendor\laminas\laminas-stratigility\src\Next.php(49): Flarum\Http\Middleware\ResolveRoute->process(Object(Laminas\Diactoros\ServerRequest), Object(Laminas\Stratigility\Next))
#17 C:\Users\tux\OneDrive\Documents\WEB\BrainstormCommunityForum\vendor\flarum\core\src\Http\Middleware\SetLocale.php(51): Laminas\Stratigility\Next->handle(Object(Laminas\Diactoros\ServerRequest))
#18 C:\Users\tux\OneDrive\Documents\WEB\BrainstormCommunityForum\vendor\laminas\laminas-stratigility\src\Next.php(49): Flarum\Http\Middleware\SetLocale->process(Object(Laminas\Diactoros\ServerRequest), Object(Laminas\Stratigility\Next))
#19 C:\Users\tux\OneDrive\Documents\WEB\BrainstormCommunityForum\vendor\flarum\core\src\Http\Middleware\AuthenticateWithHeader.php(58): Laminas\Stratigility\Next->handle(Object(Laminas\Diactoros\ServerRequest))
#20 C:\Users\tux\OneDrive\Documents\WEB\BrainstormCommunityForum\vendor\laminas\laminas-stratigility\src\Next.php(49): Flarum\Http\Middleware\AuthenticateWithHeader->process(Object(Laminas\Diactoros\ServerRequest), Object(Laminas\Stratigility\Next))
#21 C:\Users\tux\OneDrive\Documents\WEB\BrainstormCommunityForum\vendor\flarum\core\src\Http\Middleware\AuthenticateWithSession.php(31): Laminas\Stratigility\Next->handle(Object(Laminas\Diactoros\ServerRequest))
#22 C:\Users\tux\OneDrive\Documents\WEB\BrainstormCommunityForum\vendor\laminas\laminas-stratigility\src\Next.php(49): Flarum\Http\Middleware\AuthenticateWithSession->process(Object(Laminas\Diactoros\ServerRequest), Object(Laminas\Stratigility\Next))
#23 C:\Users\tux\OneDrive\Documents\WEB\BrainstormCommunityForum\vendor\flarum\core\src\Http\Middleware\RememberFromCookie.php(52): Laminas\Stratigility\Next->handle(Object(Laminas\Diactoros\ServerRequest))
#24 C:\Users\tux\OneDrive\Documents\WEB\BrainstormCommunityForum\vendor\laminas\laminas-stratigility\src\Next.php(49): Flarum\Http\Middleware\RememberFromCookie->process(Object(Laminas\Diactoros\ServerRequest), Object(Laminas\Stratigility\Next))
#25 C:\Users\tux\OneDrive\Documents\WEB\BrainstormCommunityForum\vendor\flarum\core\src\Http\Middleware\StartSession.php(61): Laminas\Stratigility\Next->handle(Object(Laminas\Diactoros\ServerRequest))
#26 C:\Users\tux\OneDrive\Documents\WEB\BrainstormCommunityForum\vendor\laminas\laminas-stratigility\src\Next.php(49): Flarum\Http\Middleware\StartSession->process(Object(Laminas\Diactoros\ServerRequest), Object(Laminas\Stratigility\Next))
#27 C:\Users\tux\OneDrive\Documents\WEB\BrainstormCommunityForum\vendor\flarum\core\src\Api\Middleware\FakeHttpMethods.php(29): Laminas\Stratigility\Next->handle(Object(Laminas\Diactoros\ServerRequest))
#28 C:\Users\tux\OneDrive\Documents\WEB\BrainstormCommunityForum\vendor\laminas\laminas-stratigility\src\Next.php(49): Flarum\Api\Middleware\FakeHttpMethods->process(Object(Laminas\Diactoros\ServerRequest), Object(Laminas\Stratigility\Next))
#29 C:\Users\tux\OneDrive\Documents\WEB\BrainstormCommunityForum\vendor\flarum\core\src\Http\Middleware\ParseJsonBody.php(28): Laminas\Stratigility\Next->handle(Object(Laminas\Diactoros\ServerRequest))
#30 C:\Users\tux\OneDrive\Documents\WEB\BrainstormCommunityForum\vendor\laminas\laminas-stratigility\src\Next.php(49): Flarum\Http\Middleware\ParseJsonBody->process(Object(Laminas\Diactoros\ServerRequest), Object(Laminas\Stratigility\Next))
#31 C:\Users\tux\OneDrive\Documents\WEB\BrainstormCommunityForum\vendor\flarum\core\src\Http\Middleware\HandleErrors.php(57): Laminas\Stratigility\Next->handle(Object(Laminas\Diactoros\ServerRequest))
#32 C:\Users\tux\OneDrive\Documents\WEB\BrainstormCommunityForum\vendor\laminas\laminas-stratigility\src\Next.php(49): Flarum\Http\Middleware\HandleErrors->process(Object(Laminas\Diactoros\ServerRequest), Object(Laminas\Stratigility\Next))
#33 C:\Users\tux\OneDrive\Documents\WEB\BrainstormCommunityForum\vendor\flarum\core\src\Http\Middleware\InjectActorReference.php(25): Laminas\Stratigility\Next->handle(Object(Laminas\Diactoros\ServerRequest))
#34 C:\Users\tux\OneDrive\Documents\WEB\BrainstormCommunityForum\vendor\laminas\laminas-stratigility\src\Next.php(49): Flarum\Http\Middleware\InjectActorReference->process(Object(Laminas\Diactoros\ServerRequest), Object(Laminas\Stratigility\Next))
#35 C:\Users\tux\OneDrive\Documents\WEB\BrainstormCommunityForum\vendor\laminas\laminas-stratigility\src\MiddlewarePipe.php(75): Laminas\Stratigility\Next->handle(Object(Laminas\Diactoros\ServerRequest))
#36 C:\Users\tux\OneDrive\Documents\WEB\BrainstormCommunityForum\vendor\middlewares\request-handler\src\RequestHandler.php(84): Laminas\Stratigility\MiddlewarePipe->process(Object(Laminas\Diactoros\ServerRequest), Object(Laminas\Stratigility\Next))
#37 C:\Users\tux\OneDrive\Documents\WEB\BrainstormCommunityForum\vendor\laminas\laminas-stratigility\src\Next.php(49): Middlewares\RequestHandler->process(Object(Laminas\Diactoros\ServerRequest), Object(Laminas\Stratigility\Next))
#38 C:\Users\tux\OneDrive\Documents\WEB\BrainstormCommunityForum\vendor\middlewares\base-path-router\src\BasePathRouter.php(99): Laminas\Stratigility\Next->handle(Object(Laminas\Diactoros\ServerRequest))
#39 C:\Users\tux\OneDrive\Documents\WEB\BrainstormCommunityForum\vendor\laminas\laminas-stratigility\src\Next.php(49): Middlewares\BasePathRouter->process(Object(Laminas\Diactoros\ServerRequest), Object(Laminas\Stratigility\Next))
#40 C:\Users\tux\OneDrive\Documents\WEB\BrainstormCommunityForum\vendor\laminas\laminas-stratigility\src\Middleware\OriginalMessages.php(36): Laminas\Stratigility\Next->handle(Object(Laminas\Diactoros\ServerRequest))
#41 C:\Users\tux\OneDrive\Documents\WEB\BrainstormCommunityForum\vendor\laminas\laminas-stratigility\src\Next.php(49): Laminas\Stratigility\Middleware\OriginalMessages->process(Object(Laminas\Diactoros\ServerRequest), Object(Laminas\Stratigility\Next))
#42 C:\Users\tux\OneDrive\Documents\WEB\BrainstormCommunityForum\vendor\middlewares\base-path\src\BasePath.php(73): Laminas\Stratigility\Next->handle(Object(Laminas\Diactoros\ServerRequest))
#43 C:\Users\tux\OneDrive\Documents\WEB\BrainstormCommunityForum\vendor\laminas\laminas-stratigility\src\Next.php(49): Middlewares\BasePath->process(Object(Laminas\Diactoros\ServerRequest), Object(Laminas\Stratigility\Next))
#44 C:\Users\tux\OneDrive\Documents\WEB\BrainstormCommunityForum\vendor\flarum\core\src\Http\Middleware\ProcessIp.php(24): Laminas\Stratigility\Next->handle(Object(Laminas\Diactoros\ServerRequest))
#45 C:\Users\tux\OneDrive\Documents\WEB\BrainstormCommunityForum\vendor\laminas\laminas-stratigility\src\Next.php(49): Flarum\Http\Middleware\ProcessIp->process(Object(Laminas\Diactoros\ServerRequest), Object(Laminas\Stratigility\Next))
#46 C:\Users\tux\OneDrive\Documents\WEB\BrainstormCommunityForum\vendor\laminas\laminas-stratigility\src\MiddlewarePipe.php(75): Laminas\Stratigility\Next->handle(Object(Laminas\Diactoros\ServerRequest))
#47 C:\Users\tux\OneDrive\Documents\WEB\BrainstormCommunityForum\vendor\laminas\laminas-stratigility\src\MiddlewarePipe.php(64): Laminas\Stratigility\MiddlewarePipe->process(Object(Laminas\Diactoros\ServerRequest), Object(Laminas\Stratigility\EmptyPipelineHandler))
#48 C:\Users\tux\OneDrive\Documents\WEB\BrainstormCommunityForum\vendor\laminas\laminas-httphandlerrunner\src\RequestHandlerRunner.php(73): Laminas\Stratigility\MiddlewarePipe->handle(Object(Laminas\Diactoros\ServerRequest))
#49 C:\Users\tux\OneDrive\Documents\WEB\BrainstormCommunityForum\vendor\flarum\core\src\Http\Server.php(45): Laminas\HttpHandlerRunner\RequestHandlerRunner->run()
#50 C:\Users\tux\OneDrive\Documents\WEB\BrainstormCommunityForum\public\index.php(26): Flarum\Http\Server->listen()
#51 {main}  
